CRITICAL - 2023-10-01 02:18:32 --> Undefined variable $categories
in APPPATH\Views\include\shop.php on line 19.
 1 APPPATH\Views\include\shop.php(19): CodeIgniter\Debug\Exceptions->errorHandler(2, 'Undefined variable $categories', 'C:\\laragon\\www\\rence_3f3_lab3\\app\\Views\\include\\shop.php', 19)
 2 SYSTEMPATH\View\View.php(226): include('C:\\laragon\\www\\rence_3f3_lab3\\app\\Views\\include\\shop.php')
 3 SYSTEMPATH\View\View.php(229): CodeIgniter\View\View->CodeIgniter\View\{closure}()
 4 SYSTEMPATH\Common.php(1188): CodeIgniter\View\View->render('include/shop', [], true)
 5 APPPATH\Config\Routes.php(10): view('include/shop')
 6 SYSTEMPATH\CodeIgniter.php(868): CodeIgniter\Router\RouteCollection->{closure}()
 7 SYSTEMPATH\CodeIgniter.php(481): CodeIgniter\CodeIgniter->startController()
 8 SYSTEMPATH\CodeIgniter.php(353): CodeIgniter\CodeIgniter->handleRequest(null, Object(Config\Cache), false)
 9 FCPATH\index.php(79): CodeIgniter\CodeIgniter->run()
10 SYSTEMPATH\Commands\Server\rewrite.php(47): require_once('C:\\laragon\\www\\rence_3f3_lab3\\public\\index.php')
CRITICAL - 2023-10-01 02:21:33 --> Undefined variable $categories
in APPPATH\Views\include\shop.php on line 19.
 1 APPPATH\Views\include\shop.php(19): CodeIgniter\Debug\Exceptions->errorHandler(2, 'Undefined variable $categories', 'C:\\laragon\\www\\rence_3f3_lab3\\app\\Views\\include\\shop.php', 19)
 2 SYSTEMPATH\View\View.php(226): include('C:\\laragon\\www\\rence_3f3_lab3\\app\\Views\\include\\shop.php')
 3 SYSTEMPATH\View\View.php(229): CodeIgniter\View\View->CodeIgniter\View\{closure}()
 4 SYSTEMPATH\Common.php(1188): CodeIgniter\View\View->render('include/shop', [], true)
 5 APPPATH\Config\Routes.php(10): view('include/shop')
 6 SYSTEMPATH\CodeIgniter.php(868): CodeIgniter\Router\RouteCollection->{closure}()
 7 SYSTEMPATH\CodeIgniter.php(481): CodeIgniter\CodeIgniter->startController()
 8 SYSTEMPATH\CodeIgniter.php(353): CodeIgniter\CodeIgniter->handleRequest(null, Object(Config\Cache), false)
 9 FCPATH\index.php(79): CodeIgniter\CodeIgniter->run()
10 SYSTEMPATH\Commands\Server\rewrite.php(47): require_once('C:\\laragon\\www\\rence_3f3_lab3\\public\\index.php')
CRITICAL - 2023-10-01 02:21:34 --> Undefined variable $categories
in APPPATH\Views\include\shop.php on line 19.
 1 APPPATH\Views\include\shop.php(19): CodeIgniter\Debug\Exceptions->errorHandler(2, 'Undefined variable $categories', 'C:\\laragon\\www\\rence_3f3_lab3\\app\\Views\\include\\shop.php', 19)
 2 SYSTEMPATH\View\View.php(226): include('C:\\laragon\\www\\rence_3f3_lab3\\app\\Views\\include\\shop.php')
 3 SYSTEMPATH\View\View.php(229): CodeIgniter\View\View->CodeIgniter\View\{closure}()
 4 SYSTEMPATH\Common.php(1188): CodeIgniter\View\View->render('include/shop', [], true)
 5 APPPATH\Config\Routes.php(10): view('include/shop')
 6 SYSTEMPATH\CodeIgniter.php(868): CodeIgniter\Router\RouteCollection->{closure}()
 7 SYSTEMPATH\CodeIgniter.php(481): CodeIgniter\CodeIgniter->startController()
 8 SYSTEMPATH\CodeIgniter.php(353): CodeIgniter\CodeIgniter->handleRequest(null, Object(Config\Cache), false)
 9 FCPATH\index.php(79): CodeIgniter\CodeIgniter->run()
10 SYSTEMPATH\Commands\Server\rewrite.php(47): require_once('C:\\laragon\\www\\rence_3f3_lab3\\public\\index.php')
CRITICAL - 2023-10-01 02:22:38 --> Undefined variable $categories
in APPPATH\Views\include\shop.php on line 19.
 1 APPPATH\Views\include\shop.php(19): CodeIgniter\Debug\Exceptions->errorHandler(2, 'Undefined variable $categories', 'C:\\laragon\\www\\rence_3f3_lab3\\app\\Views\\include\\shop.php', 19)
 2 SYSTEMPATH\View\View.php(226): include('C:\\laragon\\www\\rence_3f3_lab3\\app\\Views\\include\\shop.php')
 3 SYSTEMPATH\View\View.php(229): CodeIgniter\View\View->CodeIgniter\View\{closure}()
 4 SYSTEMPATH\Common.php(1188): CodeIgniter\View\View->render('include/shop', [], true)
 5 APPPATH\Config\Routes.php(10): view('include/shop')
 6 SYSTEMPATH\CodeIgniter.php(868): CodeIgniter\Router\RouteCollection->{closure}()
 7 SYSTEMPATH\CodeIgniter.php(481): CodeIgniter\CodeIgniter->startController()
 8 SYSTEMPATH\CodeIgniter.php(353): CodeIgniter\CodeIgniter->handleRequest(null, Object(Config\Cache), false)
 9 FCPATH\index.php(79): CodeIgniter\CodeIgniter->run()
10 SYSTEMPATH\Commands\Server\rewrite.php(47): require_once('C:\\laragon\\www\\rence_3f3_lab3\\public\\index.php')
CRITICAL - 2023-10-01 02:22:39 --> Undefined variable $categories
in APPPATH\Views\include\shop.php on line 19.
 1 APPPATH\Views\include\shop.php(19): CodeIgniter\Debug\Exceptions->errorHandler(2, 'Undefined variable $categories', 'C:\\laragon\\www\\rence_3f3_lab3\\app\\Views\\include\\shop.php', 19)
 2 SYSTEMPATH\View\View.php(226): include('C:\\laragon\\www\\rence_3f3_lab3\\app\\Views\\include\\shop.php')
 3 SYSTEMPATH\View\View.php(229): CodeIgniter\View\View->CodeIgniter\View\{closure}()
 4 SYSTEMPATH\Common.php(1188): CodeIgniter\View\View->render('include/shop', [], true)
 5 APPPATH\Config\Routes.php(10): view('include/shop')
 6 SYSTEMPATH\CodeIgniter.php(868): CodeIgniter\Router\RouteCollection->{closure}()
 7 SYSTEMPATH\CodeIgniter.php(481): CodeIgniter\CodeIgniter->startController()
 8 SYSTEMPATH\CodeIgniter.php(353): CodeIgniter\CodeIgniter->handleRequest(null, Object(Config\Cache), false)
 9 FCPATH\index.php(79): CodeIgniter\CodeIgniter->run()
10 SYSTEMPATH\Commands\Server\rewrite.php(47): require_once('C:\\laragon\\www\\rence_3f3_lab3\\public\\index.php')
CRITICAL - 2023-10-01 02:23:14 --> Undefined variable $categories
in APPPATH\Views\include\shop.php on line 19.
 1 APPPATH\Views\include\shop.php(19): CodeIgniter\Debug\Exceptions->errorHandler(2, 'Undefined variable $categories', 'C:\\laragon\\www\\rence_3f3_lab3\\app\\Views\\include\\shop.php', 19)
 2 SYSTEMPATH\View\View.php(226): include('C:\\laragon\\www\\rence_3f3_lab3\\app\\Views\\include\\shop.php')
 3 SYSTEMPATH\View\View.php(229): CodeIgniter\View\View->CodeIgniter\View\{closure}()
 4 SYSTEMPATH\Common.php(1188): CodeIgniter\View\View->render('include/shop', [], true)
 5 APPPATH\Config\Routes.php(10): view('include/shop')
 6 SYSTEMPATH\CodeIgniter.php(868): CodeIgniter\Router\RouteCollection->{closure}()
 7 SYSTEMPATH\CodeIgniter.php(481): CodeIgniter\CodeIgniter->startController()
 8 SYSTEMPATH\CodeIgniter.php(353): CodeIgniter\CodeIgniter->handleRequest(null, Object(Config\Cache), false)
 9 FCPATH\index.php(79): CodeIgniter\CodeIgniter->run()
10 SYSTEMPATH\Commands\Server\rewrite.php(47): require_once('C:\\laragon\\www\\rence_3f3_lab3\\public\\index.php')
CRITICAL - 2023-10-01 02:28:11 --> Undefined variable $products
in APPPATH\Views\include\shop.php on line 33.
 1 APPPATH\Views\include\shop.php(33): CodeIgniter\Debug\Exceptions->errorHandler(2, 'Undefined variable $products', 'C:\\laragon\\www\\rence_3f3_lab3\\app\\Views\\include\\shop.php', 33)
 2 SYSTEMPATH\View\View.php(226): include('C:\\laragon\\www\\rence_3f3_lab3\\app\\Views\\include\\shop.php')
 3 SYSTEMPATH\View\View.php(229): CodeIgniter\View\View->CodeIgniter\View\{closure}()
 4 SYSTEMPATH\Common.php(1188): CodeIgniter\View\View->render('include/shop', [], true)
 5 APPPATH\Config\Routes.php(10): view('include/shop')
 6 SYSTEMPATH\CodeIgniter.php(868): CodeIgniter\Router\RouteCollection->{closure}()
 7 SYSTEMPATH\CodeIgniter.php(481): CodeIgniter\CodeIgniter->startController()
 8 SYSTEMPATH\CodeIgniter.php(353): CodeIgniter\CodeIgniter->handleRequest(null, Object(Config\Cache), false)
 9 FCPATH\index.php(79): CodeIgniter\CodeIgniter->run()
10 SYSTEMPATH\Commands\Server\rewrite.php(47): require_once('C:\\laragon\\www\\rence_3f3_lab3\\public\\index.php')
CRITICAL - 2023-10-01 02:28:12 --> Undefined variable $products
in APPPATH\Views\include\shop.php on line 33.
 1 APPPATH\Views\include\shop.php(33): CodeIgniter\Debug\Exceptions->errorHandler(2, 'Undefined variable $products', 'C:\\laragon\\www\\rence_3f3_lab3\\app\\Views\\include\\shop.php', 33)
 2 SYSTEMPATH\View\View.php(226): include('C:\\laragon\\www\\rence_3f3_lab3\\app\\Views\\include\\shop.php')
 3 SYSTEMPATH\View\View.php(229): CodeIgniter\View\View->CodeIgniter\View\{closure}()
 4 SYSTEMPATH\Common.php(1188): CodeIgniter\View\View->render('include/shop', [], true)
 5 APPPATH\Config\Routes.php(10): view('include/shop')
 6 SYSTEMPATH\CodeIgniter.php(868): CodeIgniter\Router\RouteCollection->{closure}()
 7 SYSTEMPATH\CodeIgniter.php(481): CodeIgniter\CodeIgniter->startController()
 8 SYSTEMPATH\CodeIgniter.php(353): CodeIgniter\CodeIgniter->handleRequest(null, Object(Config\Cache), false)
 9 FCPATH\index.php(79): CodeIgniter\CodeIgniter->run()
10 SYSTEMPATH\Commands\Server\rewrite.php(47): require_once('C:\\laragon\\www\\rence_3f3_lab3\\public\\index.php')
CRITICAL - 2023-10-01 02:28:12 --> Undefined variable $products
in APPPATH\Views\include\shop.php on line 33.
 1 APPPATH\Views\include\shop.php(33): CodeIgniter\Debug\Exceptions->errorHandler(2, 'Undefined variable $products', 'C:\\laragon\\www\\rence_3f3_lab3\\app\\Views\\include\\shop.php', 33)
 2 SYSTEMPATH\View\View.php(226): include('C:\\laragon\\www\\rence_3f3_lab3\\app\\Views\\include\\shop.php')
 3 SYSTEMPATH\View\View.php(229): CodeIgniter\View\View->CodeIgniter\View\{closure}()
 4 SYSTEMPATH\Common.php(1188): CodeIgniter\View\View->render('include/shop', [], true)
 5 APPPATH\Config\Routes.php(10): view('include/shop')
 6 SYSTEMPATH\CodeIgniter.php(868): CodeIgniter\Router\RouteCollection->{closure}()
 7 SYSTEMPATH\CodeIgniter.php(481): CodeIgniter\CodeIgniter->startController()
 8 SYSTEMPATH\CodeIgniter.php(353): CodeIgniter\CodeIgniter->handleRequest(null, Object(Config\Cache), false)
 9 FCPATH\index.php(79): CodeIgniter\CodeIgniter->run()
10 SYSTEMPATH\Commands\Server\rewrite.php(47): require_once('C:\\laragon\\www\\rence_3f3_lab3\\public\\index.php')
CRITICAL - 2023-10-01 02:29:03 --> Undefined variable $categories
in APPPATH\Views\include\shop.php on line 19.
 1 APPPATH\Views\include\shop.php(19): CodeIgniter\Debug\Exceptions->errorHandler(2, 'Undefined variable $categories', 'C:\\laragon\\www\\rence_3f3_lab3\\app\\Views\\include\\shop.php', 19)
 2 SYSTEMPATH\View\View.php(226): include('C:\\laragon\\www\\rence_3f3_lab3\\app\\Views\\include\\shop.php')
 3 SYSTEMPATH\View\View.php(229): CodeIgniter\View\View->CodeIgniter\View\{closure}()
 4 SYSTEMPATH\Common.php(1188): CodeIgniter\View\View->render('include/shop', [], true)
 5 APPPATH\Config\Routes.php(10): view('include/shop')
 6 SYSTEMPATH\CodeIgniter.php(868): CodeIgniter\Router\RouteCollection->{closure}()
 7 SYSTEMPATH\CodeIgniter.php(481): CodeIgniter\CodeIgniter->startController()
 8 SYSTEMPATH\CodeIgniter.php(353): CodeIgniter\CodeIgniter->handleRequest(null, Object(Config\Cache), false)
 9 FCPATH\index.php(79): CodeIgniter\CodeIgniter->run()
10 SYSTEMPATH\Commands\Server\rewrite.php(47): require_once('C:\\laragon\\www\\rence_3f3_lab3\\public\\index.php')
CRITICAL - 2023-10-01 02:29:03 --> Undefined variable $categories
in APPPATH\Views\include\shop.php on line 19.
 1 APPPATH\Views\include\shop.php(19): CodeIgniter\Debug\Exceptions->errorHandler(2, 'Undefined variable $categories', 'C:\\laragon\\www\\rence_3f3_lab3\\app\\Views\\include\\shop.php', 19)
 2 SYSTEMPATH\View\View.php(226): include('C:\\laragon\\www\\rence_3f3_lab3\\app\\Views\\include\\shop.php')
 3 SYSTEMPATH\View\View.php(229): CodeIgniter\View\View->CodeIgniter\View\{closure}()
 4 SYSTEMPATH\Common.php(1188): CodeIgniter\View\View->render('include/shop', [], true)
 5 APPPATH\Config\Routes.php(10): view('include/shop')
 6 SYSTEMPATH\CodeIgniter.php(868): CodeIgniter\Router\RouteCollection->{closure}()
 7 SYSTEMPATH\CodeIgniter.php(481): CodeIgniter\CodeIgniter->startController()
 8 SYSTEMPATH\CodeIgniter.php(353): CodeIgniter\CodeIgniter->handleRequest(null, Object(Config\Cache), false)
 9 FCPATH\index.php(79): CodeIgniter\CodeIgniter->run()
10 SYSTEMPATH\Commands\Server\rewrite.php(47): require_once('C:\\laragon\\www\\rence_3f3_lab3\\public\\index.php')
CRITICAL - 2023-10-01 02:29:04 --> Undefined variable $categories
in APPPATH\Views\include\shop.php on line 19.
 1 APPPATH\Views\include\shop.php(19): CodeIgniter\Debug\Exceptions->errorHandler(2, 'Undefined variable $categories', 'C:\\laragon\\www\\rence_3f3_lab3\\app\\Views\\include\\shop.php', 19)
 2 SYSTEMPATH\View\View.php(226): include('C:\\laragon\\www\\rence_3f3_lab3\\app\\Views\\include\\shop.php')
 3 SYSTEMPATH\View\View.php(229): CodeIgniter\View\View->CodeIgniter\View\{closure}()
 4 SYSTEMPATH\Common.php(1188): CodeIgniter\View\View->render('include/shop', [], true)
 5 APPPATH\Config\Routes.php(10): view('include/shop')
 6 SYSTEMPATH\CodeIgniter.php(868): CodeIgniter\Router\RouteCollection->{closure}()
 7 SYSTEMPATH\CodeIgniter.php(481): CodeIgniter\CodeIgniter->startController()
 8 SYSTEMPATH\CodeIgniter.php(353): CodeIgniter\CodeIgniter->handleRequest(null, Object(Config\Cache), false)
 9 FCPATH\index.php(79): CodeIgniter\CodeIgniter->run()
10 SYSTEMPATH\Commands\Server\rewrite.php(47): require_once('C:\\laragon\\www\\rence_3f3_lab3\\public\\index.php')
CRITICAL - 2023-10-01 02:29:41 --> Undefined variable $categories
in APPPATH\Views\include\shop.php on line 19.
 1 APPPATH\Views\include\shop.php(19): CodeIgniter\Debug\Exceptions->errorHandler(2, 'Undefined variable $categories', 'C:\\laragon\\www\\rence_3f3_lab3\\app\\Views\\include\\shop.php', 19)
 2 SYSTEMPATH\View\View.php(226): include('C:\\laragon\\www\\rence_3f3_lab3\\app\\Views\\include\\shop.php')
 3 SYSTEMPATH\View\View.php(229): CodeIgniter\View\View->CodeIgniter\View\{closure}()
 4 SYSTEMPATH\Common.php(1188): CodeIgniter\View\View->render('include/shop', [], true)
 5 APPPATH\Config\Routes.php(10): view('include/shop')
 6 SYSTEMPATH\CodeIgniter.php(868): CodeIgniter\Router\RouteCollection->{closure}()
 7 SYSTEMPATH\CodeIgniter.php(481): CodeIgniter\CodeIgniter->startController()
 8 SYSTEMPATH\CodeIgniter.php(353): CodeIgniter\CodeIgniter->handleRequest(null, Object(Config\Cache), false)
 9 FCPATH\index.php(79): CodeIgniter\CodeIgniter->run()
10 SYSTEMPATH\Commands\Server\rewrite.php(47): require_once('C:\\laragon\\www\\rence_3f3_lab3\\public\\index.php')
CRITICAL - 2023-10-01 02:29:43 --> Undefined variable $categories
in APPPATH\Views\include\shop.php on line 19.
 1 APPPATH\Views\include\shop.php(19): CodeIgniter\Debug\Exceptions->errorHandler(2, 'Undefined variable $categories', 'C:\\laragon\\www\\rence_3f3_lab3\\app\\Views\\include\\shop.php', 19)
 2 SYSTEMPATH\View\View.php(226): include('C:\\laragon\\www\\rence_3f3_lab3\\app\\Views\\include\\shop.php')
 3 SYSTEMPATH\View\View.php(229): CodeIgniter\View\View->CodeIgniter\View\{closure}()
 4 SYSTEMPATH\Common.php(1188): CodeIgniter\View\View->render('include/shop', [], true)
 5 APPPATH\Config\Routes.php(10): view('include/shop')
 6 SYSTEMPATH\CodeIgniter.php(868): CodeIgniter\Router\RouteCollection->{closure}()
 7 SYSTEMPATH\CodeIgniter.php(481): CodeIgniter\CodeIgniter->startController()
 8 SYSTEMPATH\CodeIgniter.php(353): CodeIgniter\CodeIgniter->handleRequest(null, Object(Config\Cache), false)
 9 FCPATH\index.php(79): CodeIgniter\CodeIgniter->run()
10 SYSTEMPATH\Commands\Server\rewrite.php(47): require_once('C:\\laragon\\www\\rence_3f3_lab3\\public\\index.php')
CRITICAL - 2023-10-01 02:29:43 --> Undefined variable $categories
in APPPATH\Views\include\shop.php on line 19.
 1 APPPATH\Views\include\shop.php(19): CodeIgniter\Debug\Exceptions->errorHandler(2, 'Undefined variable $categories', 'C:\\laragon\\www\\rence_3f3_lab3\\app\\Views\\include\\shop.php', 19)
 2 SYSTEMPATH\View\View.php(226): include('C:\\laragon\\www\\rence_3f3_lab3\\app\\Views\\include\\shop.php')
 3 SYSTEMPATH\View\View.php(229): CodeIgniter\View\View->CodeIgniter\View\{closure}()
 4 SYSTEMPATH\Common.php(1188): CodeIgniter\View\View->render('include/shop', [], true)
 5 APPPATH\Config\Routes.php(10): view('include/shop')
 6 SYSTEMPATH\CodeIgniter.php(868): CodeIgniter\Router\RouteCollection->{closure}()
 7 SYSTEMPATH\CodeIgniter.php(481): CodeIgniter\CodeIgniter->startController()
 8 SYSTEMPATH\CodeIgniter.php(353): CodeIgniter\CodeIgniter->handleRequest(null, Object(Config\Cache), false)
 9 FCPATH\index.php(79): CodeIgniter\CodeIgniter->run()
10 SYSTEMPATH\Commands\Server\rewrite.php(47): require_once('C:\\laragon\\www\\rence_3f3_lab3\\public\\index.php')
CRITICAL - 2023-10-01 02:29:43 --> Undefined variable $categories
in APPPATH\Views\include\shop.php on line 19.
 1 APPPATH\Views\include\shop.php(19): CodeIgniter\Debug\Exceptions->errorHandler(2, 'Undefined variable $categories', 'C:\\laragon\\www\\rence_3f3_lab3\\app\\Views\\include\\shop.php', 19)
 2 SYSTEMPATH\View\View.php(226): include('C:\\laragon\\www\\rence_3f3_lab3\\app\\Views\\include\\shop.php')
 3 SYSTEMPATH\View\View.php(229): CodeIgniter\View\View->CodeIgniter\View\{closure}()
 4 SYSTEMPATH\Common.php(1188): CodeIgniter\View\View->render('include/shop', [], true)
 5 APPPATH\Config\Routes.php(10): view('include/shop')
 6 SYSTEMPATH\CodeIgniter.php(868): CodeIgniter\Router\RouteCollection->{closure}()
 7 SYSTEMPATH\CodeIgniter.php(481): CodeIgniter\CodeIgniter->startController()
 8 SYSTEMPATH\CodeIgniter.php(353): CodeIgniter\CodeIgniter->handleRequest(null, Object(Config\Cache), false)
 9 FCPATH\index.php(79): CodeIgniter\CodeIgniter->run()
10 SYSTEMPATH\Commands\Server\rewrite.php(47): require_once('C:\\laragon\\www\\rence_3f3_lab3\\public\\index.php')
CRITICAL - 2023-10-01 02:29:43 --> Undefined variable $categories
in APPPATH\Views\include\shop.php on line 19.
 1 APPPATH\Views\include\shop.php(19): CodeIgniter\Debug\Exceptions->errorHandler(2, 'Undefined variable $categories', 'C:\\laragon\\www\\rence_3f3_lab3\\app\\Views\\include\\shop.php', 19)
 2 SYSTEMPATH\View\View.php(226): include('C:\\laragon\\www\\rence_3f3_lab3\\app\\Views\\include\\shop.php')
 3 SYSTEMPATH\View\View.php(229): CodeIgniter\View\View->CodeIgniter\View\{closure}()
 4 SYSTEMPATH\Common.php(1188): CodeIgniter\View\View->render('include/shop', [], true)
 5 APPPATH\Config\Routes.php(10): view('include/shop')
 6 SYSTEMPATH\CodeIgniter.php(868): CodeIgniter\Router\RouteCollection->{closure}()
 7 SYSTEMPATH\CodeIgniter.php(481): CodeIgniter\CodeIgniter->startController()
 8 SYSTEMPATH\CodeIgniter.php(353): CodeIgniter\CodeIgniter->handleRequest(null, Object(Config\Cache), false)
 9 FCPATH\index.php(79): CodeIgniter\CodeIgniter->run()
10 SYSTEMPATH\Commands\Server\rewrite.php(47): require_once('C:\\laragon\\www\\rence_3f3_lab3\\public\\index.php')
CRITICAL - 2023-10-01 02:29:43 --> Undefined variable $categories
in APPPATH\Views\include\shop.php on line 19.
 1 APPPATH\Views\include\shop.php(19): CodeIgniter\Debug\Exceptions->errorHandler(2, 'Undefined variable $categories', 'C:\\laragon\\www\\rence_3f3_lab3\\app\\Views\\include\\shop.php', 19)
 2 SYSTEMPATH\View\View.php(226): include('C:\\laragon\\www\\rence_3f3_lab3\\app\\Views\\include\\shop.php')
 3 SYSTEMPATH\View\View.php(229): CodeIgniter\View\View->CodeIgniter\View\{closure}()
 4 SYSTEMPATH\Common.php(1188): CodeIgniter\View\View->render('include/shop', [], true)
 5 APPPATH\Config\Routes.php(10): view('include/shop')
 6 SYSTEMPATH\CodeIgniter.php(868): CodeIgniter\Router\RouteCollection->{closure}()
 7 SYSTEMPATH\CodeIgniter.php(481): CodeIgniter\CodeIgniter->startController()
 8 SYSTEMPATH\CodeIgniter.php(353): CodeIgniter\CodeIgniter->handleRequest(null, Object(Config\Cache), false)
 9 FCPATH\index.php(79): CodeIgniter\CodeIgniter->run()
10 SYSTEMPATH\Commands\Server\rewrite.php(47): require_once('C:\\laragon\\www\\rence_3f3_lab3\\public\\index.php')
CRITICAL - 2023-10-01 02:29:44 --> Undefined variable $categories
in APPPATH\Views\include\shop.php on line 19.
 1 APPPATH\Views\include\shop.php(19): CodeIgniter\Debug\Exceptions->errorHandler(2, 'Undefined variable $categories', 'C:\\laragon\\www\\rence_3f3_lab3\\app\\Views\\include\\shop.php', 19)
 2 SYSTEMPATH\View\View.php(226): include('C:\\laragon\\www\\rence_3f3_lab3\\app\\Views\\include\\shop.php')
 3 SYSTEMPATH\View\View.php(229): CodeIgniter\View\View->CodeIgniter\View\{closure}()
 4 SYSTEMPATH\Common.php(1188): CodeIgniter\View\View->render('include/shop', [], true)
 5 APPPATH\Config\Routes.php(10): view('include/shop')
 6 SYSTEMPATH\CodeIgniter.php(868): CodeIgniter\Router\RouteCollection->{closure}()
 7 SYSTEMPATH\CodeIgniter.php(481): CodeIgniter\CodeIgniter->startController()
 8 SYSTEMPATH\CodeIgniter.php(353): CodeIgniter\CodeIgniter->handleRequest(null, Object(Config\Cache), false)
 9 FCPATH\index.php(79): CodeIgniter\CodeIgniter->run()
10 SYSTEMPATH\Commands\Server\rewrite.php(47): require_once('C:\\laragon\\www\\rence_3f3_lab3\\public\\index.php')
CRITICAL - 2023-10-01 02:29:44 --> Undefined variable $categories
in APPPATH\Views\include\shop.php on line 19.
 1 APPPATH\Views\include\shop.php(19): CodeIgniter\Debug\Exceptions->errorHandler(2, 'Undefined variable $categories', 'C:\\laragon\\www\\rence_3f3_lab3\\app\\Views\\include\\shop.php', 19)
 2 SYSTEMPATH\View\View.php(226): include('C:\\laragon\\www\\rence_3f3_lab3\\app\\Views\\include\\shop.php')
 3 SYSTEMPATH\View\View.php(229): CodeIgniter\View\View->CodeIgniter\View\{closure}()
 4 SYSTEMPATH\Common.php(1188): CodeIgniter\View\View->render('include/shop', [], true)
 5 APPPATH\Config\Routes.php(10): view('include/shop')
 6 SYSTEMPATH\CodeIgniter.php(868): CodeIgniter\Router\RouteCollection->{closure}()
 7 SYSTEMPATH\CodeIgniter.php(481): CodeIgniter\CodeIgniter->startController()
 8 SYSTEMPATH\CodeIgniter.php(353): CodeIgniter\CodeIgniter->handleRequest(null, Object(Config\Cache), false)
 9 FCPATH\index.php(79): CodeIgniter\CodeIgniter->run()
10 SYSTEMPATH\Commands\Server\rewrite.php(47): require_once('C:\\laragon\\www\\rence_3f3_lab3\\public\\index.php')
CRITICAL - 2023-10-01 02:33:08 --> Undefined variable $categories
in APPPATH\Views\include\shop.php on line 19.
 1 APPPATH\Views\include\shop.php(19): CodeIgniter\Debug\Exceptions->errorHandler(2, 'Undefined variable $categories', 'C:\\laragon\\www\\rence_3f3_lab3\\app\\Views\\include\\shop.php', 19)
 2 SYSTEMPATH\View\View.php(226): include('C:\\laragon\\www\\rence_3f3_lab3\\app\\Views\\include\\shop.php')
 3 SYSTEMPATH\View\View.php(229): CodeIgniter\View\View->CodeIgniter\View\{closure}()
 4 SYSTEMPATH\Common.php(1188): CodeIgniter\View\View->render('include/shop', [], true)
 5 APPPATH\Config\Routes.php(10): view('include/shop')
 6 SYSTEMPATH\CodeIgniter.php(868): CodeIgniter\Router\RouteCollection->{closure}()
 7 SYSTEMPATH\CodeIgniter.php(481): CodeIgniter\CodeIgniter->startController()
 8 SYSTEMPATH\CodeIgniter.php(353): CodeIgniter\CodeIgniter->handleRequest(null, Object(Config\Cache), false)
 9 FCPATH\index.php(79): CodeIgniter\CodeIgniter->run()
10 SYSTEMPATH\Commands\Server\rewrite.php(47): require_once('C:\\laragon\\www\\rence_3f3_lab3\\public\\index.php')
CRITICAL - 2023-10-01 02:33:10 --> Undefined variable $categories
in APPPATH\Views\include\shop.php on line 19.
 1 APPPATH\Views\include\shop.php(19): CodeIgniter\Debug\Exceptions->errorHandler(2, 'Undefined variable $categories', 'C:\\laragon\\www\\rence_3f3_lab3\\app\\Views\\include\\shop.php', 19)
 2 SYSTEMPATH\View\View.php(226): include('C:\\laragon\\www\\rence_3f3_lab3\\app\\Views\\include\\shop.php')
 3 SYSTEMPATH\View\View.php(229): CodeIgniter\View\View->CodeIgniter\View\{closure}()
 4 SYSTEMPATH\Common.php(1188): CodeIgniter\View\View->render('include/shop', [], true)
 5 APPPATH\Config\Routes.php(10): view('include/shop')
 6 SYSTEMPATH\CodeIgniter.php(868): CodeIgniter\Router\RouteCollection->{closure}()
 7 SYSTEMPATH\CodeIgniter.php(481): CodeIgniter\CodeIgniter->startController()
 8 SYSTEMPATH\CodeIgniter.php(353): CodeIgniter\CodeIgniter->handleRequest(null, Object(Config\Cache), false)
 9 FCPATH\index.php(79): CodeIgniter\CodeIgniter->run()
10 SYSTEMPATH\Commands\Server\rewrite.php(47): require_once('C:\\laragon\\www\\rence_3f3_lab3\\public\\index.php')
CRITICAL - 2023-10-01 02:33:11 --> Undefined variable $categories
in APPPATH\Views\include\shop.php on line 19.
 1 APPPATH\Views\include\shop.php(19): CodeIgniter\Debug\Exceptions->errorHandler(2, 'Undefined variable $categories', 'C:\\laragon\\www\\rence_3f3_lab3\\app\\Views\\include\\shop.php', 19)
 2 SYSTEMPATH\View\View.php(226): include('C:\\laragon\\www\\rence_3f3_lab3\\app\\Views\\include\\shop.php')
 3 SYSTEMPATH\View\View.php(229): CodeIgniter\View\View->CodeIgniter\View\{closure}()
 4 SYSTEMPATH\Common.php(1188): CodeIgniter\View\View->render('include/shop', [], true)
 5 APPPATH\Config\Routes.php(10): view('include/shop')
 6 SYSTEMPATH\CodeIgniter.php(868): CodeIgniter\Router\RouteCollection->{closure}()
 7 SYSTEMPATH\CodeIgniter.php(481): CodeIgniter\CodeIgniter->startController()
 8 SYSTEMPATH\CodeIgniter.php(353): CodeIgniter\CodeIgniter->handleRequest(null, Object(Config\Cache), false)
 9 FCPATH\index.php(79): CodeIgniter\CodeIgniter->run()
10 SYSTEMPATH\Commands\Server\rewrite.php(47): require_once('C:\\laragon\\www\\rence_3f3_lab3\\public\\index.php')
CRITICAL - 2023-10-01 02:33:11 --> Undefined variable $categories
in APPPATH\Views\include\shop.php on line 19.
 1 APPPATH\Views\include\shop.php(19): CodeIgniter\Debug\Exceptions->errorHandler(2, 'Undefined variable $categories', 'C:\\laragon\\www\\rence_3f3_lab3\\app\\Views\\include\\shop.php', 19)
 2 SYSTEMPATH\View\View.php(226): include('C:\\laragon\\www\\rence_3f3_lab3\\app\\Views\\include\\shop.php')
 3 SYSTEMPATH\View\View.php(229): CodeIgniter\View\View->CodeIgniter\View\{closure}()
 4 SYSTEMPATH\Common.php(1188): CodeIgniter\View\View->render('include/shop', [], true)
 5 APPPATH\Config\Routes.php(10): view('include/shop')
 6 SYSTEMPATH\CodeIgniter.php(868): CodeIgniter\Router\RouteCollection->{closure}()
 7 SYSTEMPATH\CodeIgniter.php(481): CodeIgniter\CodeIgniter->startController()
 8 SYSTEMPATH\CodeIgniter.php(353): CodeIgniter\CodeIgniter->handleRequest(null, Object(Config\Cache), false)
 9 FCPATH\index.php(79): CodeIgniter\CodeIgniter->run()
10 SYSTEMPATH\Commands\Server\rewrite.php(47): require_once('C:\\laragon\\www\\rence_3f3_lab3\\public\\index.php')
CRITICAL - 2023-10-01 02:33:32 --> Undefined variable $products
in APPPATH\Views\include\shop.php on line 29.
 1 APPPATH\Views\include\shop.php(29): CodeIgniter\Debug\Exceptions->errorHandler(2, 'Undefined variable $products', 'C:\\laragon\\www\\rence_3f3_lab3\\app\\Views\\include\\shop.php', 29)
 2 SYSTEMPATH\View\View.php(226): include('C:\\laragon\\www\\rence_3f3_lab3\\app\\Views\\include\\shop.php')
 3 SYSTEMPATH\View\View.php(229): CodeIgniter\View\View->CodeIgniter\View\{closure}()
 4 SYSTEMPATH\Common.php(1188): CodeIgniter\View\View->render('include/shop', [], true)
 5 APPPATH\Config\Routes.php(10): view('include/shop')
 6 SYSTEMPATH\CodeIgniter.php(868): CodeIgniter\Router\RouteCollection->{closure}()
 7 SYSTEMPATH\CodeIgniter.php(481): CodeIgniter\CodeIgniter->startController()
 8 SYSTEMPATH\CodeIgniter.php(353): CodeIgniter\CodeIgniter->handleRequest(null, Object(Config\Cache), false)
 9 FCPATH\index.php(79): CodeIgniter\CodeIgniter->run()
10 SYSTEMPATH\Commands\Server\rewrite.php(47): require_once('C:\\laragon\\www\\rence_3f3_lab3\\public\\index.php')
CRITICAL - 2023-10-01 02:42:03 --> Undefined variable $categories
in APPPATH\Views\include\shop.php on line 19.
 1 APPPATH\Views\include\shop.php(19): CodeIgniter\Debug\Exceptions->errorHandler(2, 'Undefined variable $categories', 'C:\\laragon\\www\\rence_3f3_lab3\\app\\Views\\include\\shop.php', 19)
 2 SYSTEMPATH\View\View.php(226): include('C:\\laragon\\www\\rence_3f3_lab3\\app\\Views\\include\\shop.php')
 3 SYSTEMPATH\View\View.php(229): CodeIgniter\View\View->CodeIgniter\View\{closure}()
 4 SYSTEMPATH\Common.php(1188): CodeIgniter\View\View->render('include/shop', [], true)
 5 APPPATH\Config\Routes.php(10): view('include/shop')
 6 SYSTEMPATH\CodeIgniter.php(868): CodeIgniter\Router\RouteCollection->{closure}()
 7 SYSTEMPATH\CodeIgniter.php(481): CodeIgniter\CodeIgniter->startController()
 8 SYSTEMPATH\CodeIgniter.php(353): CodeIgniter\CodeIgniter->handleRequest(null, Object(Config\Cache), false)
 9 FCPATH\index.php(79): CodeIgniter\CodeIgniter->run()
10 SYSTEMPATH\Commands\Server\rewrite.php(47): require_once('C:\\laragon\\www\\rence_3f3_lab3\\public\\index.php')
CRITICAL - 2023-10-01 04:03:29 --> Undefined variable $products
in APPPATH\Views\include\shop.php on line 12.
 1 APPPATH\Views\include\shop.php(12): CodeIgniter\Debug\Exceptions->errorHandler(2, 'Undefined variable $products', 'C:\\laragon\\www\\rence_3f3_lab3\\app\\Views\\include\\shop.php', 12)
 2 SYSTEMPATH\View\View.php(226): include('C:\\laragon\\www\\rence_3f3_lab3\\app\\Views\\include\\shop.php')
 3 SYSTEMPATH\View\View.php(229): CodeIgniter\View\View->CodeIgniter\View\{closure}()
 4 SYSTEMPATH\Common.php(1188): CodeIgniter\View\View->render('include/shop', [], true)
 5 APPPATH\Config\Routes.php(10): view('include/shop')
 6 SYSTEMPATH\CodeIgniter.php(868): CodeIgniter\Router\RouteCollection->{closure}()
 7 SYSTEMPATH\CodeIgniter.php(481): CodeIgniter\CodeIgniter->startController()
 8 SYSTEMPATH\CodeIgniter.php(353): CodeIgniter\CodeIgniter->handleRequest(null, Object(Config\Cache), false)
 9 FCPATH\index.php(79): CodeIgniter\CodeIgniter->run()
10 SYSTEMPATH\Commands\Server\rewrite.php(47): require_once('C:\\laragon\\www\\rence_3f3_lab3\\public\\index.php')
CRITICAL - 2023-10-01 04:15:37 --> Undefined variable $connection
in APPPATH\Views\include\shop.php on line 11.
 1 APPPATH\Views\include\shop.php(11): CodeIgniter\Debug\Exceptions->errorHandler(2, 'Undefined variable $connection', 'C:\\laragon\\www\\rence_3f3_lab3\\app\\Views\\include\\shop.php', 11)
 2 SYSTEMPATH\View\View.php(226): include('C:\\laragon\\www\\rence_3f3_lab3\\app\\Views\\include\\shop.php')
 3 SYSTEMPATH\View\View.php(229): CodeIgniter\View\View->CodeIgniter\View\{closure}()
 4 SYSTEMPATH\Common.php(1188): CodeIgniter\View\View->render('include/shop', [], true)
 5 APPPATH\Config\Routes.php(10): view('include/shop')
 6 SYSTEMPATH\CodeIgniter.php(868): CodeIgniter\Router\RouteCollection->{closure}()
 7 SYSTEMPATH\CodeIgniter.php(481): CodeIgniter\CodeIgniter->startController()
 8 SYSTEMPATH\CodeIgniter.php(353): CodeIgniter\CodeIgniter->handleRequest(null, Object(Config\Cache), false)
 9 FCPATH\index.php(79): CodeIgniter\CodeIgniter->run()
10 SYSTEMPATH\Commands\Server\rewrite.php(47): require_once('C:\\laragon\\www\\rence_3f3_lab3\\public\\index.php')
CRITICAL - 2023-10-01 04:21:19 --> Undefined variable $products
in APPPATH\Views\include\shop.php on line 8.
 1 APPPATH\Views\include\shop.php(8): CodeIgniter\Debug\Exceptions->errorHandler(2, 'Undefined variable $products', 'C:\\laragon\\www\\rence_3f3_lab3\\app\\Views\\include\\shop.php', 8)
 2 SYSTEMPATH\View\View.php(226): include('C:\\laragon\\www\\rence_3f3_lab3\\app\\Views\\include\\shop.php')
 3 SYSTEMPATH\View\View.php(229): CodeIgniter\View\View->CodeIgniter\View\{closure}()
 4 SYSTEMPATH\Common.php(1188): CodeIgniter\View\View->render('include/shop', [], true)
 5 APPPATH\Config\Routes.php(10): view('include/shop')
 6 SYSTEMPATH\CodeIgniter.php(868): CodeIgniter\Router\RouteCollection->{closure}()
 7 SYSTEMPATH\CodeIgniter.php(481): CodeIgniter\CodeIgniter->startController()
 8 SYSTEMPATH\CodeIgniter.php(353): CodeIgniter\CodeIgniter->handleRequest(null, Object(Config\Cache), false)
 9 FCPATH\index.php(79): CodeIgniter\CodeIgniter->run()
10 SYSTEMPATH\Commands\Server\rewrite.php(47): require_once('C:\\laragon\\www\\rence_3f3_lab3\\public\\index.php')
CRITICAL - 2023-10-01 04:44:30 --> Undefined variable $product
in APPPATH\Views\include\shop.php on line 58.
 1 APPPATH\Views\include\shop.php(58): CodeIgniter\Debug\Exceptions->errorHandler(2, 'Undefined variable $product', 'C:\\laragon\\www\\rence_3f3_lab3\\app\\Views\\include\\shop.php', 58)
 2 SYSTEMPATH\View\View.php(226): include('C:\\laragon\\www\\rence_3f3_lab3\\app\\Views\\include\\shop.php')
 3 SYSTEMPATH\View\View.php(229): CodeIgniter\View\View->CodeIgniter\View\{closure}()
 4 SYSTEMPATH\Common.php(1188): CodeIgniter\View\View->render('include/shop', [], true)
 5 APPPATH\Config\Routes.php(10): view('include/shop')
 6 SYSTEMPATH\CodeIgniter.php(868): CodeIgniter\Router\RouteCollection->{closure}()
 7 SYSTEMPATH\CodeIgniter.php(481): CodeIgniter\CodeIgniter->startController()
 8 SYSTEMPATH\CodeIgniter.php(353): CodeIgniter\CodeIgniter->handleRequest(null, Object(Config\Cache), false)
 9 FCPATH\index.php(79): CodeIgniter\CodeIgniter->run()
10 SYSTEMPATH\Commands\Server\rewrite.php(47): require_once('C:\\laragon\\www\\rence_3f3_lab3\\public\\index.php')
CRITICAL - 2023-10-01 05:50:08 --> Undefined variable $product
in APPPATH\Views\include\shop.php on line 101.
 1 APPPATH\Views\include\shop.php(101): CodeIgniter\Debug\Exceptions->errorHandler(2, 'Undefined variable $product', 'C:\\laragon\\www\\rence_3f3_lab3\\app\\Views\\include\\shop.php', 101)
 2 SYSTEMPATH\View\View.php(226): include('C:\\laragon\\www\\rence_3f3_lab3\\app\\Views\\include\\shop.php')
 3 SYSTEMPATH\View\View.php(229): CodeIgniter\View\View->CodeIgniter\View\{closure}()
 4 SYSTEMPATH\Common.php(1188): CodeIgniter\View\View->render('include/shop', [], true)
 5 APPPATH\Config\Routes.php(10): view('include/shop')
 6 SYSTEMPATH\CodeIgniter.php(868): CodeIgniter\Router\RouteCollection->{closure}()
 7 SYSTEMPATH\CodeIgniter.php(481): CodeIgniter\CodeIgniter->startController()
 8 SYSTEMPATH\CodeIgniter.php(353): CodeIgniter\CodeIgniter->handleRequest(null, Object(Config\Cache), false)
 9 FCPATH\index.php(79): CodeIgniter\CodeIgniter->run()
10 SYSTEMPATH\Commands\Server\rewrite.php(47): require_once('C:\\laragon\\www\\rence_3f3_lab3\\public\\index.php')
CRITICAL - 2023-10-01 08:24:23 --> Invalid file: "signup.php"
in SYSTEMPATH\Exceptions\FrameworkException.php on line 39.
 1 SYSTEMPATH\View\View.php(214): CodeIgniter\Exceptions\FrameworkException::forInvalidFile('signup.php')
 2 SYSTEMPATH\Common.php(1188): CodeIgniter\View\View->render('signup', [], true)
 3 APPPATH\Controllers\UserController.php(34): view('signup')
 4 SYSTEMPATH\CodeIgniter.php(919): App\Controllers\UserController->registerForm()
 5 SYSTEMPATH\CodeIgniter.php(494): CodeIgniter\CodeIgniter->runController(Object(App\Controllers\UserController))
 6 SYSTEMPATH\CodeIgniter.php(353): CodeIgniter\CodeIgniter->handleRequest(null, Object(Config\Cache), false)
 7 FCPATH\index.php(79): CodeIgniter\CodeIgniter->run()
 8 SYSTEMPATH\Commands\Server\rewrite.php(47): require_once('C:\\laragon\\www\\rence_3f3_lab3\\public\\index.php')
CRITICAL - 2023-10-01 08:36:13 --> Invalid file: "signup.php"
in SYSTEMPATH\Exceptions\FrameworkException.php on line 39.
 1 SYSTEMPATH\View\View.php(214): CodeIgniter\Exceptions\FrameworkException::forInvalidFile('signup.php')
 2 SYSTEMPATH\Common.php(1188): CodeIgniter\View\View->render('signup', [], true)
 3 APPPATH\Controllers\UserController.php(34): view('signup')
 4 SYSTEMPATH\CodeIgniter.php(919): App\Controllers\UserController->registerForm()
 5 SYSTEMPATH\CodeIgniter.php(494): CodeIgniter\CodeIgniter->runController(Object(App\Controllers\UserController))
 6 SYSTEMPATH\CodeIgniter.php(353): CodeIgniter\CodeIgniter->handleRequest(null, Object(Config\Cache), false)
 7 FCPATH\index.php(79): CodeIgniter\CodeIgniter->run()
 8 SYSTEMPATH\Commands\Server\rewrite.php(47): require_once('C:\\laragon\\www\\rence_3f3_lab3\\public\\index.php')
CRITICAL - 2023-10-01 08:39:22 --> Invalid file: "signup.php"
in SYSTEMPATH\Exceptions\FrameworkException.php on line 39.
 1 SYSTEMPATH\View\View.php(214): CodeIgniter\Exceptions\FrameworkException::forInvalidFile('signup.php')
 2 SYSTEMPATH\Common.php(1188): CodeIgniter\View\View->render('signup', [], true)
 3 APPPATH\Controllers\UserController.php(34): view('signup')
 4 SYSTEMPATH\CodeIgniter.php(919): App\Controllers\UserController->registerForm()
 5 SYSTEMPATH\CodeIgniter.php(494): CodeIgniter\CodeIgniter->runController(Object(App\Controllers\UserController))
 6 SYSTEMPATH\CodeIgniter.php(353): CodeIgniter\CodeIgniter->handleRequest(null, Object(Config\Cache), false)
 7 FCPATH\index.php(79): CodeIgniter\CodeIgniter->run()
 8 SYSTEMPATH\Commands\Server\rewrite.php(47): require_once('C:\\laragon\\www\\rence_3f3_lab3\\public\\index.php')
CRITICAL - 2023-10-01 08:39:23 --> Invalid file: "signup.php"
in SYSTEMPATH\Exceptions\FrameworkException.php on line 39.
 1 SYSTEMPATH\View\View.php(214): CodeIgniter\Exceptions\FrameworkException::forInvalidFile('signup.php')
 2 SYSTEMPATH\Common.php(1188): CodeIgniter\View\View->render('signup', [], true)
 3 APPPATH\Controllers\UserController.php(34): view('signup')
 4 SYSTEMPATH\CodeIgniter.php(919): App\Controllers\UserController->registerForm()
 5 SYSTEMPATH\CodeIgniter.php(494): CodeIgniter\CodeIgniter->runController(Object(App\Controllers\UserController))
 6 SYSTEMPATH\CodeIgniter.php(353): CodeIgniter\CodeIgniter->handleRequest(null, Object(Config\Cache), false)
 7 FCPATH\index.php(79): CodeIgniter\CodeIgniter->run()
 8 SYSTEMPATH\Commands\Server\rewrite.php(47): require_once('C:\\laragon\\www\\rence_3f3_lab3\\public\\index.php')
CRITICAL - 2023-10-01 08:39:23 --> Invalid file: "signup.php"
in SYSTEMPATH\Exceptions\FrameworkException.php on line 39.
 1 SYSTEMPATH\View\View.php(214): CodeIgniter\Exceptions\FrameworkException::forInvalidFile('signup.php')
 2 SYSTEMPATH\Common.php(1188): CodeIgniter\View\View->render('signup', [], true)
 3 APPPATH\Controllers\UserController.php(34): view('signup')
 4 SYSTEMPATH\CodeIgniter.php(919): App\Controllers\UserController->registerForm()
 5 SYSTEMPATH\CodeIgniter.php(494): CodeIgniter\CodeIgniter->runController(Object(App\Controllers\UserController))
 6 SYSTEMPATH\CodeIgniter.php(353): CodeIgniter\CodeIgniter->handleRequest(null, Object(Config\Cache), false)
 7 FCPATH\index.php(79): CodeIgniter\CodeIgniter->run()
 8 SYSTEMPATH\Commands\Server\rewrite.php(47): require_once('C:\\laragon\\www\\rence_3f3_lab3\\public\\index.php')
CRITICAL - 2023-10-01 08:43:16 --> Call to undefined function form_open()
in APPPATH\Views\register\Register.php on line 17.
 1 SYSTEMPATH\View\View.php(226): include()
 2 SYSTEMPATH\View\View.php(229): CodeIgniter\View\View->CodeIgniter\View\{closure}()
 3 SYSTEMPATH\Common.php(1188): CodeIgniter\View\View->render('register/Register', [], true)
 4 APPPATH\Controllers\UserController.php(33): view('register/Register')
 5 SYSTEMPATH\CodeIgniter.php(919): App\Controllers\UserController->registerForm()
 6 SYSTEMPATH\CodeIgniter.php(494): CodeIgniter\CodeIgniter->runController(Object(App\Controllers\UserController))
 7 SYSTEMPATH\CodeIgniter.php(353): CodeIgniter\CodeIgniter->handleRequest(null, Object(Config\Cache), false)
 8 FCPATH\index.php(79): CodeIgniter\CodeIgniter->run()
 9 SYSTEMPATH\Commands\Server\rewrite.php(47): require_once('C:\\laragon\\www\\rence_3f3_lab3\\public\\index.php')
CRITICAL - 2023-10-01 08:43:17 --> Call to undefined function form_open()
in APPPATH\Views\register\Register.php on line 17.
 1 SYSTEMPATH\View\View.php(226): include()
 2 SYSTEMPATH\View\View.php(229): CodeIgniter\View\View->CodeIgniter\View\{closure}()
 3 SYSTEMPATH\Common.php(1188): CodeIgniter\View\View->render('register/Register', [], true)
 4 APPPATH\Controllers\UserController.php(33): view('register/Register')
 5 SYSTEMPATH\CodeIgniter.php(919): App\Controllers\UserController->registerForm()
 6 SYSTEMPATH\CodeIgniter.php(494): CodeIgniter\CodeIgniter->runController(Object(App\Controllers\UserController))
 7 SYSTEMPATH\CodeIgniter.php(353): CodeIgniter\CodeIgniter->handleRequest(null, Object(Config\Cache), false)
 8 FCPATH\index.php(79): CodeIgniter\CodeIgniter->run()
 9 SYSTEMPATH\Commands\Server\rewrite.php(47): require_once('C:\\laragon\\www\\rence_3f3_lab3\\public\\index.php')
CRITICAL - 2023-10-01 08:43:17 --> Call to undefined function form_open()
in APPPATH\Views\register\Register.php on line 17.
 1 SYSTEMPATH\View\View.php(226): include()
 2 SYSTEMPATH\View\View.php(229): CodeIgniter\View\View->CodeIgniter\View\{closure}()
 3 SYSTEMPATH\Common.php(1188): CodeIgniter\View\View->render('register/Register', [], true)
 4 APPPATH\Controllers\UserController.php(33): view('register/Register')
 5 SYSTEMPATH\CodeIgniter.php(919): App\Controllers\UserController->registerForm()
 6 SYSTEMPATH\CodeIgniter.php(494): CodeIgniter\CodeIgniter->runController(Object(App\Controllers\UserController))
 7 SYSTEMPATH\CodeIgniter.php(353): CodeIgniter\CodeIgniter->handleRequest(null, Object(Config\Cache), false)
 8 FCPATH\index.php(79): CodeIgniter\CodeIgniter->run()
 9 SYSTEMPATH\Commands\Server\rewrite.php(47): require_once('C:\\laragon\\www\\rence_3f3_lab3\\public\\index.php')
CRITICAL - 2023-10-01 08:48:04 --> Invalid file: "signup.php"
in SYSTEMPATH\Exceptions\FrameworkException.php on line 39.
 1 SYSTEMPATH\View\View.php(214): CodeIgniter\Exceptions\FrameworkException::forInvalidFile('signup.php')
 2 SYSTEMPATH\Common.php(1188): CodeIgniter\View\View->render('signup', [], true)
 3 APPPATH\Controllers\UserController.php(34): view('signup')
 4 SYSTEMPATH\CodeIgniter.php(919): App\Controllers\UserController->registerForm()
 5 SYSTEMPATH\CodeIgniter.php(494): CodeIgniter\CodeIgniter->runController(Object(App\Controllers\UserController))
 6 SYSTEMPATH\CodeIgniter.php(353): CodeIgniter\CodeIgniter->handleRequest(null, Object(Config\Cache), false)
 7 FCPATH\index.php(79): CodeIgniter\CodeIgniter->run()
 8 SYSTEMPATH\Commands\Server\rewrite.php(47): require_once('C:\\laragon\\www\\rence_3f3_lab3\\public\\index.php')
CRITICAL - 2023-10-01 08:48:06 --> Invalid file: "signup.php"
in SYSTEMPATH\Exceptions\FrameworkException.php on line 39.
 1 SYSTEMPATH\View\View.php(214): CodeIgniter\Exceptions\FrameworkException::forInvalidFile('signup.php')
 2 SYSTEMPATH\Common.php(1188): CodeIgniter\View\View->render('signup', [], true)
 3 APPPATH\Controllers\UserController.php(34): view('signup')
 4 SYSTEMPATH\CodeIgniter.php(919): App\Controllers\UserController->registerForm()
 5 SYSTEMPATH\CodeIgniter.php(494): CodeIgniter\CodeIgniter->runController(Object(App\Controllers\UserController))
 6 SYSTEMPATH\CodeIgniter.php(353): CodeIgniter\CodeIgniter->handleRequest(null, Object(Config\Cache), false)
 7 FCPATH\index.php(79): CodeIgniter\CodeIgniter->run()
 8 SYSTEMPATH\Commands\Server\rewrite.php(47): require_once('C:\\laragon\\www\\rence_3f3_lab3\\public\\index.php')
CRITICAL - 2023-10-01 08:48:40 --> Invalid file: "Register.php"
in SYSTEMPATH\Exceptions\FrameworkException.php on line 39.
 1 SYSTEMPATH\View\View.php(214): CodeIgniter\Exceptions\FrameworkException::forInvalidFile('Register.php')
 2 SYSTEMPATH\Common.php(1188): CodeIgniter\View\View->render('Register', [], true)
 3 APPPATH\Controllers\UserController.php(34): view('Register')
 4 SYSTEMPATH\CodeIgniter.php(919): App\Controllers\UserController->registerForm()
 5 SYSTEMPATH\CodeIgniter.php(494): CodeIgniter\CodeIgniter->runController(Object(App\Controllers\UserController))
 6 SYSTEMPATH\CodeIgniter.php(353): CodeIgniter\CodeIgniter->handleRequest(null, Object(Config\Cache), false)
 7 FCPATH\index.php(79): CodeIgniter\CodeIgniter->run()
 8 SYSTEMPATH\Commands\Server\rewrite.php(47): require_once('C:\\laragon\\www\\rence_3f3_lab3\\public\\index.php')
CRITICAL - 2023-10-01 08:48:41 --> Invalid file: "Register.php"
in SYSTEMPATH\Exceptions\FrameworkException.php on line 39.
 1 SYSTEMPATH\View\View.php(214): CodeIgniter\Exceptions\FrameworkException::forInvalidFile('Register.php')
 2 SYSTEMPATH\Common.php(1188): CodeIgniter\View\View->render('Register', [], true)
 3 APPPATH\Controllers\UserController.php(34): view('Register')
 4 SYSTEMPATH\CodeIgniter.php(919): App\Controllers\UserController->registerForm()
 5 SYSTEMPATH\CodeIgniter.php(494): CodeIgniter\CodeIgniter->runController(Object(App\Controllers\UserController))
 6 SYSTEMPATH\CodeIgniter.php(353): CodeIgniter\CodeIgniter->handleRequest(null, Object(Config\Cache), false)
 7 FCPATH\index.php(79): CodeIgniter\CodeIgniter->run()
 8 SYSTEMPATH\Commands\Server\rewrite.php(47): require_once('C:\\laragon\\www\\rence_3f3_lab3\\public\\index.php')
CRITICAL - 2023-10-01 08:48:41 --> Invalid file: "Register.php"
in SYSTEMPATH\Exceptions\FrameworkException.php on line 39.
 1 SYSTEMPATH\View\View.php(214): CodeIgniter\Exceptions\FrameworkException::forInvalidFile('Register.php')
 2 SYSTEMPATH\Common.php(1188): CodeIgniter\View\View->render('Register', [], true)
 3 APPPATH\Controllers\UserController.php(34): view('Register')
 4 SYSTEMPATH\CodeIgniter.php(919): App\Controllers\UserController->registerForm()
 5 SYSTEMPATH\CodeIgniter.php(494): CodeIgniter\CodeIgniter->runController(Object(App\Controllers\UserController))
 6 SYSTEMPATH\CodeIgniter.php(353): CodeIgniter\CodeIgniter->handleRequest(null, Object(Config\Cache), false)
 7 FCPATH\index.php(79): CodeIgniter\CodeIgniter->run()
 8 SYSTEMPATH\Commands\Server\rewrite.php(47): require_once('C:\\laragon\\www\\rence_3f3_lab3\\public\\index.php')
CRITICAL - 2023-10-01 08:48:42 --> Invalid file: "Register.php"
in SYSTEMPATH\Exceptions\FrameworkException.php on line 39.
 1 SYSTEMPATH\View\View.php(214): CodeIgniter\Exceptions\FrameworkException::forInvalidFile('Register.php')
 2 SYSTEMPATH\Common.php(1188): CodeIgniter\View\View->render('Register', [], true)
 3 APPPATH\Controllers\UserController.php(34): view('Register')
 4 SYSTEMPATH\CodeIgniter.php(919): App\Controllers\UserController->registerForm()
 5 SYSTEMPATH\CodeIgniter.php(494): CodeIgniter\CodeIgniter->runController(Object(App\Controllers\UserController))
 6 SYSTEMPATH\CodeIgniter.php(353): CodeIgniter\CodeIgniter->handleRequest(null, Object(Config\Cache), false)
 7 FCPATH\index.php(79): CodeIgniter\CodeIgniter->run()
 8 SYSTEMPATH\Commands\Server\rewrite.php(47): require_once('C:\\laragon\\www\\rence_3f3_lab3\\public\\index.php')
CRITICAL - 2023-10-01 08:48:42 --> Invalid file: "Register.php"
in SYSTEMPATH\Exceptions\FrameworkException.php on line 39.
 1 SYSTEMPATH\View\View.php(214): CodeIgniter\Exceptions\FrameworkException::forInvalidFile('Register.php')
 2 SYSTEMPATH\Common.php(1188): CodeIgniter\View\View->render('Register', [], true)
 3 APPPATH\Controllers\UserController.php(34): view('Register')
 4 SYSTEMPATH\CodeIgniter.php(919): App\Controllers\UserController->registerForm()
 5 SYSTEMPATH\CodeIgniter.php(494): CodeIgniter\CodeIgniter->runController(Object(App\Controllers\UserController))
 6 SYSTEMPATH\CodeIgniter.php(353): CodeIgniter\CodeIgniter->handleRequest(null, Object(Config\Cache), false)
 7 FCPATH\index.php(79): CodeIgniter\CodeIgniter->run()
 8 SYSTEMPATH\Commands\Server\rewrite.php(47): require_once('C:\\laragon\\www\\rence_3f3_lab3\\public\\index.php')
CRITICAL - 2023-10-01 09:44:35 --> syntax error, unexpected token "public"
in APPPATH\Filters\AuthGuard.php on line 44.
 1 SYSTEMPATH\Autoloader\Autoloader.php(285): CodeIgniter\Autoloader\Autoloader->includeFile('C:\\laragon\\www\\rence_3f3_lab3\\app\\Filters\\AuthGuard.php')
 2 SYSTEMPATH\Autoloader\Autoloader.php(263): CodeIgniter\Autoloader\Autoloader->loadInNamespace('App\\Filters\\AuthGuard')
 3 SYSTEMPATH\Filters\Filters.php(173): CodeIgniter\Autoloader\Autoloader->loadClass('App\\Filters\\AuthGuard')
 4 SYSTEMPATH\CodeIgniter.php(466): CodeIgniter\Filters\Filters->run('signin/loginAuth', 'before')
 5 SYSTEMPATH\CodeIgniter.php(353): CodeIgniter\CodeIgniter->handleRequest(null, Object(Config\Cache), false)
 6 FCPATH\index.php(79): CodeIgniter\CodeIgniter->run()
 7 SYSTEMPATH\Commands\Server\rewrite.php(47): require_once('C:\\laragon\\www\\rence_3f3_lab3\\public\\index.php')
CRITICAL - 2023-10-01 09:45:33 --> syntax error, unexpected token "public"
in APPPATH\Filters\AuthGuard.php on line 44.
 1 SYSTEMPATH\Autoloader\Autoloader.php(285): CodeIgniter\Autoloader\Autoloader->includeFile('C:\\laragon\\www\\rence_3f3_lab3\\app\\Filters\\AuthGuard.php')
 2 SYSTEMPATH\Autoloader\Autoloader.php(263): CodeIgniter\Autoloader\Autoloader->loadInNamespace('App\\Filters\\AuthGuard')
 3 SYSTEMPATH\Filters\Filters.php(173): CodeIgniter\Autoloader\Autoloader->loadClass('App\\Filters\\AuthGuard')
 4 SYSTEMPATH\CodeIgniter.php(466): CodeIgniter\Filters\Filters->run('signin/loginAuth', 'before')
 5 SYSTEMPATH\CodeIgniter.php(353): CodeIgniter\CodeIgniter->handleRequest(null, Object(Config\Cache), false)
 6 FCPATH\index.php(79): CodeIgniter\CodeIgniter->run()
 7 SYSTEMPATH\Commands\Server\rewrite.php(47): require_once('C:\\laragon\\www\\rence_3f3_lab3\\public\\index.php')
CRITICAL - 2023-10-01 12:25:38 --> Undefined constant "images"
in APPPATH\Views\include\banner.php on line 1.
 1 SYSTEMPATH\View\View.php(226): include()
 2 SYSTEMPATH\View\View.php(229): CodeIgniter\View\View->CodeIgniter\View\{closure}()
 3 SYSTEMPATH\View\View.php(467): CodeIgniter\View\View->render('include/banner', null, true)
 4 APPPATH\Views\template\index.php(16): CodeIgniter\View\View->include('include/banner')
 5 SYSTEMPATH\View\View.php(226): include('C:\\laragon\\www\\rence_3f3_lab3\\app\\Views\\template\\index.php')
 6 SYSTEMPATH\View\View.php(229): CodeIgniter\View\View->CodeIgniter\View\{closure}()
 7 SYSTEMPATH\Common.php(1188): CodeIgniter\View\View->render('template/index', [], true)
 8 APPPATH\Controllers\HomeController.php(20): view('template/index', [...])
 9 SYSTEMPATH\CodeIgniter.php(919): App\Controllers\HomeController->index()
10 SYSTEMPATH\CodeIgniter.php(494): CodeIgniter\CodeIgniter->runController(Object(App\Controllers\HomeController))
11 SYSTEMPATH\CodeIgniter.php(353): CodeIgniter\CodeIgniter->handleRequest(null, Object(Config\Cache), false)
12 FCPATH\index.php(79): CodeIgniter\CodeIgniter->run()
13 SYSTEMPATH\Commands\Server\rewrite.php(47): require_once('C:\\laragon\\www\\rence_3f3_lab3\\public\\index.php')
CRITICAL - 2023-10-01 12:25:40 --> Undefined constant "images"
in APPPATH\Views\include\banner.php on line 1.
 1 SYSTEMPATH\View\View.php(226): include()
 2 SYSTEMPATH\View\View.php(229): CodeIgniter\View\View->CodeIgniter\View\{closure}()
 3 SYSTEMPATH\View\View.php(467): CodeIgniter\View\View->render('include/banner', null, true)
 4 APPPATH\Views\template\index.php(16): CodeIgniter\View\View->include('include/banner')
 5 SYSTEMPATH\View\View.php(226): include('C:\\laragon\\www\\rence_3f3_lab3\\app\\Views\\template\\index.php')
 6 SYSTEMPATH\View\View.php(229): CodeIgniter\View\View->CodeIgniter\View\{closure}()
 7 SYSTEMPATH\Common.php(1188): CodeIgniter\View\View->render('template/index', [], true)
 8 APPPATH\Controllers\HomeController.php(20): view('template/index', [...])
 9 SYSTEMPATH\CodeIgniter.php(919): App\Controllers\HomeController->index()
10 SYSTEMPATH\CodeIgniter.php(494): CodeIgniter\CodeIgniter->runController(Object(App\Controllers\HomeController))
11 SYSTEMPATH\CodeIgniter.php(353): CodeIgniter\CodeIgniter->handleRequest(null, Object(Config\Cache), false)
12 FCPATH\index.php(79): CodeIgniter\CodeIgniter->run()
13 SYSTEMPATH\Commands\Server\rewrite.php(47): require_once('C:\\laragon\\www\\rence_3f3_lab3\\public\\index.php')
CRITICAL - 2023-10-01 13:03:16 --> Invalid file: "signup.php"
in SYSTEMPATH\Exceptions\FrameworkException.php on line 39.
 1 SYSTEMPATH\View\View.php(214): CodeIgniter\Exceptions\FrameworkException::forInvalidFile('signup.php')
 2 SYSTEMPATH\Common.php(1188): CodeIgniter\View\View->render('signup', [], true)
 3 APPPATH\Controllers\UserController.php(13): view('signup', [])
 4 SYSTEMPATH\CodeIgniter.php(919): App\Controllers\UserController->register()
 5 SYSTEMPATH\CodeIgniter.php(494): CodeIgniter\CodeIgniter->runController(Object(App\Controllers\UserController))
 6 SYSTEMPATH\CodeIgniter.php(353): CodeIgniter\CodeIgniter->handleRequest(null, Object(Config\Cache), false)
 7 FCPATH\index.php(79): CodeIgniter\CodeIgniter->run()
 8 SYSTEMPATH\Commands\Server\rewrite.php(47): require_once('C:\\laragon\\www\\rence_3f3_lab3\\public\\index.php')
CRITICAL - 2023-10-01 13:04:27 --> Invalid file: "signup.php"
in SYSTEMPATH\Exceptions\FrameworkException.php on line 39.
 1 SYSTEMPATH\View\View.php(214): CodeIgniter\Exceptions\FrameworkException::forInvalidFile('signup.php')
 2 SYSTEMPATH\Common.php(1188): CodeIgniter\View\View->render('signup', [], true)
 3 APPPATH\Controllers\UserController.php(13): view('signup', [])
 4 SYSTEMPATH\CodeIgniter.php(919): App\Controllers\UserController->register()
 5 SYSTEMPATH\CodeIgniter.php(494): CodeIgniter\CodeIgniter->runController(Object(App\Controllers\UserController))
 6 SYSTEMPATH\CodeIgniter.php(353): CodeIgniter\CodeIgniter->handleRequest(null, Object(Config\Cache), false)
 7 FCPATH\index.php(79): CodeIgniter\CodeIgniter->run()
 8 SYSTEMPATH\Commands\Server\rewrite.php(47): require_once('C:\\laragon\\www\\rence_3f3_lab3\\public\\index.php')
CRITICAL - 2023-10-01 13:08:40 --> Invalid file: "signup.php"
in SYSTEMPATH\Exceptions\FrameworkException.php on line 39.
 1 SYSTEMPATH\View\View.php(214): CodeIgniter\Exceptions\FrameworkException::forInvalidFile('signup.php')
 2 SYSTEMPATH\Common.php(1188): CodeIgniter\View\View->render('signup', [], true)
 3 APPPATH\Controllers\UserController.php(13): view('signup', [])
 4 SYSTEMPATH\CodeIgniter.php(919): App\Controllers\UserController->register()
 5 SYSTEMPATH\CodeIgniter.php(494): CodeIgniter\CodeIgniter->runController(Object(App\Controllers\UserController))
 6 SYSTEMPATH\CodeIgniter.php(353): CodeIgniter\CodeIgniter->handleRequest(null, Object(Config\Cache), false)
 7 FCPATH\index.php(79): CodeIgniter\CodeIgniter->run()
 8 SYSTEMPATH\Commands\Server\rewrite.php(47): require_once('C:\\laragon\\www\\rence_3f3_lab3\\public\\index.php')
CRITICAL - 2023-10-01 13:11:35 --> Invalid file: "signup.php"
in SYSTEMPATH\Exceptions\FrameworkException.php on line 39.
 1 SYSTEMPATH\View\View.php(214): CodeIgniter\Exceptions\FrameworkException::forInvalidFile('signup.php')
 2 SYSTEMPATH\Common.php(1188): CodeIgniter\View\View->render('signup', [], true)
 3 APPPATH\Controllers\UserController.php(13): view('signup', [])
 4 SYSTEMPATH\CodeIgniter.php(919): App\Controllers\UserController->register()
 5 SYSTEMPATH\CodeIgniter.php(494): CodeIgniter\CodeIgniter->runController(Object(App\Controllers\UserController))
 6 SYSTEMPATH\CodeIgniter.php(353): CodeIgniter\CodeIgniter->handleRequest(null, Object(Config\Cache), false)
 7 FCPATH\index.php(79): CodeIgniter\CodeIgniter->run()
 8 SYSTEMPATH\Commands\Server\rewrite.php(47): require_once('C:\\laragon\\www\\rence_3f3_lab3\\public\\index.php')
CRITICAL - 2023-10-01 13:26:42 --> Invalid file: "signup.php"
in SYSTEMPATH\Exceptions\FrameworkException.php on line 39.
 1 SYSTEMPATH\View\View.php(214): CodeIgniter\Exceptions\FrameworkException::forInvalidFile('signup.php')
 2 SYSTEMPATH\Common.php(1188): CodeIgniter\View\View->render('signup', [], true)
 3 APPPATH\Controllers\UserController.php(35): view('signup', [...])
 4 SYSTEMPATH\CodeIgniter.php(919): App\Controllers\UserController->store()
 5 SYSTEMPATH\CodeIgniter.php(494): CodeIgniter\CodeIgniter->runController(Object(App\Controllers\UserController))
 6 SYSTEMPATH\CodeIgniter.php(353): CodeIgniter\CodeIgniter->handleRequest(null, Object(Config\Cache), false)
 7 FCPATH\index.php(79): CodeIgniter\CodeIgniter->run()
 8 SYSTEMPATH\Commands\Server\rewrite.php(47): require_once('C:\\laragon\\www\\rence_3f3_lab3\\public\\index.php')
CRITICAL - 2023-10-01 13:59:06 --> Invalid file: "signup.php"
in SYSTEMPATH\Exceptions\FrameworkException.php on line 39.
 1 SYSTEMPATH\View\View.php(214): CodeIgniter\Exceptions\FrameworkException::forInvalidFile('signup.php')
 2 SYSTEMPATH\Common.php(1188): CodeIgniter\View\View->render('signup', [], true)
 3 APPPATH\Controllers\UserController.php(35): view('signup', [...])
 4 SYSTEMPATH\CodeIgniter.php(919): App\Controllers\UserController->store()
 5 SYSTEMPATH\CodeIgniter.php(494): CodeIgniter\CodeIgniter->runController(Object(App\Controllers\UserController))
 6 SYSTEMPATH\CodeIgniter.php(353): CodeIgniter\CodeIgniter->handleRequest(null, Object(Config\Cache), false)
 7 FCPATH\index.php(79): CodeIgniter\CodeIgniter->run()
 8 SYSTEMPATH\Commands\Server\rewrite.php(47): require_once('C:\\laragon\\www\\rence_3f3_lab3\\public\\index.php')
CRITICAL - 2023-10-01 13:59:11 --> Invalid file: "signup.php"
in SYSTEMPATH\Exceptions\FrameworkException.php on line 39.
 1 SYSTEMPATH\View\View.php(214): CodeIgniter\Exceptions\FrameworkException::forInvalidFile('signup.php')
 2 SYSTEMPATH\Common.php(1188): CodeIgniter\View\View->render('signup', [], true)
 3 APPPATH\Controllers\UserController.php(35): view('signup', [...])
 4 SYSTEMPATH\CodeIgniter.php(919): App\Controllers\UserController->store()
 5 SYSTEMPATH\CodeIgniter.php(494): CodeIgniter\CodeIgniter->runController(Object(App\Controllers\UserController))
 6 SYSTEMPATH\CodeIgniter.php(353): CodeIgniter\CodeIgniter->handleRequest(null, Object(Config\Cache), false)
 7 FCPATH\index.php(79): CodeIgniter\CodeIgniter->run()
 8 SYSTEMPATH\Commands\Server\rewrite.php(47): require_once('C:\\laragon\\www\\rence_3f3_lab3\\public\\index.php')
CRITICAL - 2023-10-01 14:00:13 --> Invalid file: "signup.php"
in SYSTEMPATH\Exceptions\FrameworkException.php on line 39.
 1 SYSTEMPATH\View\View.php(214): CodeIgniter\Exceptions\FrameworkException::forInvalidFile('signup.php')
 2 SYSTEMPATH\Common.php(1188): CodeIgniter\View\View->render('signup', [], true)
 3 APPPATH\Controllers\UserController.php(35): view('signup', [...])
 4 SYSTEMPATH\CodeIgniter.php(919): App\Controllers\UserController->store()
 5 SYSTEMPATH\CodeIgniter.php(494): CodeIgniter\CodeIgniter->runController(Object(App\Controllers\UserController))
 6 SYSTEMPATH\CodeIgniter.php(353): CodeIgniter\CodeIgniter->handleRequest(null, Object(Config\Cache), false)
 7 FCPATH\index.php(79): CodeIgniter\CodeIgniter->run()
 8 SYSTEMPATH\Commands\Server\rewrite.php(47): require_once('C:\\laragon\\www\\rence_3f3_lab3\\public\\index.php')
CRITICAL - 2023-10-01 14:02:32 --> Invalid file: "signup.php"
in SYSTEMPATH\Exceptions\FrameworkException.php on line 39.
 1 SYSTEMPATH\View\View.php(214): CodeIgniter\Exceptions\FrameworkException::forInvalidFile('signup.php')
 2 SYSTEMPATH\Common.php(1188): CodeIgniter\View\View->render('signup', [], true)
 3 APPPATH\Controllers\UserController.php(35): view('signup', [...])
 4 SYSTEMPATH\CodeIgniter.php(919): App\Controllers\UserController->store()
 5 SYSTEMPATH\CodeIgniter.php(494): CodeIgniter\CodeIgniter->runController(Object(App\Controllers\UserController))
 6 SYSTEMPATH\CodeIgniter.php(353): CodeIgniter\CodeIgniter->handleRequest(null, Object(Config\Cache), false)
 7 FCPATH\index.php(79): CodeIgniter\CodeIgniter->run()
 8 SYSTEMPATH\Commands\Server\rewrite.php(47): require_once('C:\\laragon\\www\\rence_3f3_lab3\\public\\index.php')
CRITICAL - 2023-10-01 14:05:23 --> Invalid file: "/.php"
in SYSTEMPATH\Exceptions\FrameworkException.php on line 39.
 1 SYSTEMPATH\View\View.php(214): CodeIgniter\Exceptions\FrameworkException::forInvalidFile('/.php')
 2 SYSTEMPATH\Common.php(1188): CodeIgniter\View\View->render('/', [], true)
 3 APPPATH\Controllers\UserController.php(35): view('/', [...])
 4 SYSTEMPATH\CodeIgniter.php(919): App\Controllers\UserController->store()
 5 SYSTEMPATH\CodeIgniter.php(494): CodeIgniter\CodeIgniter->runController(Object(App\Controllers\UserController))
 6 SYSTEMPATH\CodeIgniter.php(353): CodeIgniter\CodeIgniter->handleRequest(null, Object(Config\Cache), false)
 7 FCPATH\index.php(79): CodeIgniter\CodeIgniter->run()
 8 SYSTEMPATH\Commands\Server\rewrite.php(47): require_once('C:\\laragon\\www\\rence_3f3_lab3\\public\\index.php')
CRITICAL - 2023-10-01 14:05:27 --> Invalid file: "/.php"
in SYSTEMPATH\Exceptions\FrameworkException.php on line 39.
 1 SYSTEMPATH\View\View.php(214): CodeIgniter\Exceptions\FrameworkException::forInvalidFile('/.php')
 2 SYSTEMPATH\Common.php(1188): CodeIgniter\View\View->render('/', [], true)
 3 APPPATH\Controllers\UserController.php(35): view('/', [...])
 4 SYSTEMPATH\CodeIgniter.php(919): App\Controllers\UserController->store()
 5 SYSTEMPATH\CodeIgniter.php(494): CodeIgniter\CodeIgniter->runController(Object(App\Controllers\UserController))
 6 SYSTEMPATH\CodeIgniter.php(353): CodeIgniter\CodeIgniter->handleRequest(null, Object(Config\Cache), false)
 7 FCPATH\index.php(79): CodeIgniter\CodeIgniter->run()
 8 SYSTEMPATH\Commands\Server\rewrite.php(47): require_once('C:\\laragon\\www\\rence_3f3_lab3\\public\\index.php')
CRITICAL - 2023-10-01 14:08:48 --> Unmatched '}'
in APPPATH\Controllers\UserController.php on line 39.
 1 SYSTEMPATH\Autoloader\Autoloader.php(285): CodeIgniter\Autoloader\Autoloader->includeFile('C:\\laragon\\www\\rence_3f3_lab3\\app\\Controllers\\UserController.php')
 2 SYSTEMPATH\Autoloader\Autoloader.php(263): CodeIgniter\Autoloader\Autoloader->loadInNamespace('App\\Controllers\\UserController')
 3 [internal function]: CodeIgniter\Autoloader\Autoloader->loadClass('App\\Controllers\\UserController')
 4 SYSTEMPATH\CodeIgniter.php(877): class_exists('\\App\\Controllers\\UserController', true)
 5 SYSTEMPATH\CodeIgniter.php(481): CodeIgniter\CodeIgniter->startController()
 6 SYSTEMPATH\CodeIgniter.php(353): CodeIgniter\CodeIgniter->handleRequest(null, Object(Config\Cache), false)
 7 FCPATH\index.php(79): CodeIgniter\CodeIgniter->run()
 8 SYSTEMPATH\Commands\Server\rewrite.php(47): require_once('C:\\laragon\\www\\rence_3f3_lab3\\public\\index.php')
