CRITICAL - 2023-09-28 14:46:14 --> syntax error, unexpected floating-point number ".1", expecting ")"
in APPPATH\Views\include\header.php on line 15.
 1 SYSTEMPATH\View\View.php(229): CodeIgniter\View\View->CodeIgniter\View\{closure}()
 2 SYSTEMPATH\View\View.php(467): CodeIgniter\View\View->render('include/header', null, true)
 3 APPPATH\Views\template\index.php(1): CodeIgniter\View\View->include('include/header')
 4 SYSTEMPATH\View\View.php(226): include('C:\\laragon\\www\\rence_3f3_lab3\\app\\Views\\template\\index.php')
 5 SYSTEMPATH\View\View.php(229): CodeIgniter\View\View->CodeIgniter\View\{closure}()
 6 SYSTEMPATH\Common.php(1188): CodeIgniter\View\View->render('template/index', [], true)
 7 APPPATH\Controllers\Home.php(9): view('template/index')
 8 SYSTEMPATH\CodeIgniter.php(919): App\Controllers\Home->index()
 9 SYSTEMPATH\CodeIgniter.php(494): CodeIgniter\CodeIgniter->runController(Object(App\Controllers\Home))
10 SYSTEMPATH\CodeIgniter.php(353): CodeIgniter\CodeIgniter->handleRequest(null, Object(Config\Cache), false)
11 FCPATH\index.php(79): CodeIgniter\CodeIgniter->run()
12 SYSTEMPATH\Commands\Server\rewrite.php(47): require_once('C:\\laragon\\www\\rence_3f3_lab3\\public\\index.php')
CRITICAL - 2023-09-28 14:46:29 --> syntax error, unexpected floating-point number ".1", expecting ")"
in APPPATH\Views\include\header.php on line 15.
 1 SYSTEMPATH\View\View.php(229): CodeIgniter\View\View->CodeIgniter\View\{closure}()
 2 SYSTEMPATH\View\View.php(467): CodeIgniter\View\View->render('include/header', null, true)
 3 APPPATH\Views\template\index.php(1): CodeIgniter\View\View->include('include/header')
 4 SYSTEMPATH\View\View.php(226): include('C:\\laragon\\www\\rence_3f3_lab3\\app\\Views\\template\\index.php')
 5 SYSTEMPATH\View\View.php(229): CodeIgniter\View\View->CodeIgniter\View\{closure}()
 6 SYSTEMPATH\Common.php(1188): CodeIgniter\View\View->render('template/index', [], true)
 7 APPPATH\Controllers\Home.php(9): view('template/index')
 8 SYSTEMPATH\CodeIgniter.php(919): App\Controllers\Home->index()
 9 SYSTEMPATH\CodeIgniter.php(494): CodeIgniter\CodeIgniter->runController(Object(App\Controllers\Home))
10 SYSTEMPATH\CodeIgniter.php(353): CodeIgniter\CodeIgniter->handleRequest(null, Object(Config\Cache), false)
11 FCPATH\index.php(79): CodeIgniter\CodeIgniter->run()
12 SYSTEMPATH\Commands\Server\rewrite.php(47): require_once('C:\\laragon\\www\\rence_3f3_lab3\\public\\index.php')
CRITICAL - 2023-09-28 14:46:30 --> syntax error, unexpected floating-point number ".1", expecting ")"
in APPPATH\Views\include\header.php on line 15.
 1 SYSTEMPATH\View\View.php(229): CodeIgniter\View\View->CodeIgniter\View\{closure}()
 2 SYSTEMPATH\View\View.php(467): CodeIgniter\View\View->render('include/header', null, true)
 3 APPPATH\Views\template\index.php(1): CodeIgniter\View\View->include('include/header')
 4 SYSTEMPATH\View\View.php(226): include('C:\\laragon\\www\\rence_3f3_lab3\\app\\Views\\template\\index.php')
 5 SYSTEMPATH\View\View.php(229): CodeIgniter\View\View->CodeIgniter\View\{closure}()
 6 SYSTEMPATH\Common.php(1188): CodeIgniter\View\View->render('template/index', [], true)
 7 APPPATH\Controllers\Home.php(9): view('template/index')
 8 SYSTEMPATH\CodeIgniter.php(919): App\Controllers\Home->index()
 9 SYSTEMPATH\CodeIgniter.php(494): CodeIgniter\CodeIgniter->runController(Object(App\Controllers\Home))
10 SYSTEMPATH\CodeIgniter.php(353): CodeIgniter\CodeIgniter->handleRequest(null, Object(Config\Cache), false)
11 FCPATH\index.php(79): CodeIgniter\CodeIgniter->run()
12 SYSTEMPATH\Commands\Server\rewrite.php(47): require_once('C:\\laragon\\www\\rence_3f3_lab3\\public\\index.php')
CRITICAL - 2023-09-28 14:46:47 --> syntax error, unexpected floating-point number ".1", expecting ")"
in APPPATH\Views\include\header.php on line 15.
 1 SYSTEMPATH\View\View.php(229): CodeIgniter\View\View->CodeIgniter\View\{closure}()
 2 SYSTEMPATH\View\View.php(467): CodeIgniter\View\View->render('include/header', null, true)
 3 APPPATH\Views\template\index.php(1): CodeIgniter\View\View->include('include/header')
 4 SYSTEMPATH\View\View.php(226): include('C:\\laragon\\www\\rence_3f3_lab3\\app\\Views\\template\\index.php')
 5 SYSTEMPATH\View\View.php(229): CodeIgniter\View\View->CodeIgniter\View\{closure}()
 6 SYSTEMPATH\Common.php(1188): CodeIgniter\View\View->render('template/index', [], true)
 7 APPPATH\Controllers\Home.php(9): view('template/index')
 8 SYSTEMPATH\CodeIgniter.php(919): App\Controllers\Home->index()
 9 SYSTEMPATH\CodeIgniter.php(494): CodeIgniter\CodeIgniter->runController(Object(App\Controllers\Home))
10 SYSTEMPATH\CodeIgniter.php(353): CodeIgniter\CodeIgniter->handleRequest(null, Object(Config\Cache), false)
11 FCPATH\index.php(79): CodeIgniter\CodeIgniter->run()
12 SYSTEMPATH\Commands\Server\rewrite.php(47): require_once('C:\\laragon\\www\\rence_3f3_lab3\\public\\index.php')
CRITICAL - 2023-09-28 14:47:10 --> syntax error, unexpected floating-point number ".1", expecting ")"
in APPPATH\Views\include\header.php on line 15.
 1 SYSTEMPATH\View\View.php(229): CodeIgniter\View\View->CodeIgniter\View\{closure}()
 2 SYSTEMPATH\View\View.php(467): CodeIgniter\View\View->render('include/header', null, true)
 3 APPPATH\Views\template\index.php(1): CodeIgniter\View\View->include('include/header')
 4 SYSTEMPATH\View\View.php(226): include('C:\\laragon\\www\\rence_3f3_lab3\\app\\Views\\template\\index.php')
 5 SYSTEMPATH\View\View.php(229): CodeIgniter\View\View->CodeIgniter\View\{closure}()
 6 SYSTEMPATH\Common.php(1188): CodeIgniter\View\View->render('template/index', [], true)
 7 APPPATH\Controllers\Home.php(9): view('template/index')
 8 SYSTEMPATH\CodeIgniter.php(919): App\Controllers\Home->index()
 9 SYSTEMPATH\CodeIgniter.php(494): CodeIgniter\CodeIgniter->runController(Object(App\Controllers\Home))
10 SYSTEMPATH\CodeIgniter.php(353): CodeIgniter\CodeIgniter->handleRequest(null, Object(Config\Cache), false)
11 FCPATH\index.php(79): CodeIgniter\CodeIgniter->run()
12 SYSTEMPATH\Commands\Server\rewrite.php(47): require_once('C:\\laragon\\www\\rence_3f3_lab3\\public\\index.php')
CRITICAL - 2023-09-28 14:47:10 --> syntax error, unexpected floating-point number ".1", expecting ")"
in APPPATH\Views\include\header.php on line 15.
 1 SYSTEMPATH\View\View.php(229): CodeIgniter\View\View->CodeIgniter\View\{closure}()
 2 SYSTEMPATH\View\View.php(467): CodeIgniter\View\View->render('include/header', null, true)
 3 APPPATH\Views\template\index.php(1): CodeIgniter\View\View->include('include/header')
 4 SYSTEMPATH\View\View.php(226): include('C:\\laragon\\www\\rence_3f3_lab3\\app\\Views\\template\\index.php')
 5 SYSTEMPATH\View\View.php(229): CodeIgniter\View\View->CodeIgniter\View\{closure}()
 6 SYSTEMPATH\Common.php(1188): CodeIgniter\View\View->render('template/index', [], true)
 7 APPPATH\Controllers\Home.php(9): view('template/index')
 8 SYSTEMPATH\CodeIgniter.php(919): App\Controllers\Home->index()
 9 SYSTEMPATH\CodeIgniter.php(494): CodeIgniter\CodeIgniter->runController(Object(App\Controllers\Home))
10 SYSTEMPATH\CodeIgniter.php(353): CodeIgniter\CodeIgniter->handleRequest(null, Object(Config\Cache), false)
11 FCPATH\index.php(79): CodeIgniter\CodeIgniter->run()
12 SYSTEMPATH\Commands\Server\rewrite.php(47): require_once('C:\\laragon\\www\\rence_3f3_lab3\\public\\index.php')
CRITICAL - 2023-09-28 14:47:40 --> syntax error, unexpected floating-point number ".1", expecting ")"
in APPPATH\Views\include\header.php on line 15.
 1 SYSTEMPATH\View\View.php(229): CodeIgniter\View\View->CodeIgniter\View\{closure}()
 2 SYSTEMPATH\View\View.php(467): CodeIgniter\View\View->render('include/header', null, true)
 3 APPPATH\Views\template\index.php(1): CodeIgniter\View\View->include('include/header')
 4 SYSTEMPATH\View\View.php(226): include('C:\\laragon\\www\\rence_3f3_lab3\\app\\Views\\template\\index.php')
 5 SYSTEMPATH\View\View.php(229): CodeIgniter\View\View->CodeIgniter\View\{closure}()
 6 SYSTEMPATH\Common.php(1188): CodeIgniter\View\View->render('template/index', [], true)
 7 APPPATH\Controllers\Home.php(9): view('template/index')
 8 SYSTEMPATH\CodeIgniter.php(919): App\Controllers\Home->index()
 9 SYSTEMPATH\CodeIgniter.php(494): CodeIgniter\CodeIgniter->runController(Object(App\Controllers\Home))
10 SYSTEMPATH\CodeIgniter.php(353): CodeIgniter\CodeIgniter->handleRequest(null, Object(Config\Cache), false)
11 FCPATH\index.php(79): CodeIgniter\CodeIgniter->run()
12 SYSTEMPATH\Commands\Server\rewrite.php(47): require_once('C:\\laragon\\www\\rence_3f3_lab3\\public\\index.php')
CRITICAL - 2023-09-28 14:48:08 --> syntax error, unexpected floating-point number ".1", expecting ")"
in APPPATH\Views\include\header.php on line 15.
 1 SYSTEMPATH\View\View.php(229): CodeIgniter\View\View->CodeIgniter\View\{closure}()
 2 SYSTEMPATH\View\View.php(467): CodeIgniter\View\View->render('include/header', null, true)
 3 APPPATH\Views\template\index.php(1): CodeIgniter\View\View->include('include/header')
 4 SYSTEMPATH\View\View.php(226): include('C:\\laragon\\www\\rence_3f3_lab3\\app\\Views\\template\\index.php')
 5 SYSTEMPATH\View\View.php(229): CodeIgniter\View\View->CodeIgniter\View\{closure}()
 6 SYSTEMPATH\Common.php(1188): CodeIgniter\View\View->render('template/index', [], true)
 7 APPPATH\Controllers\Home.php(9): view('template/index')
 8 SYSTEMPATH\CodeIgniter.php(919): App\Controllers\Home->index()
 9 SYSTEMPATH\CodeIgniter.php(494): CodeIgniter\CodeIgniter->runController(Object(App\Controllers\Home))
10 SYSTEMPATH\CodeIgniter.php(353): CodeIgniter\CodeIgniter->handleRequest(null, Object(Config\Cache), false)
11 FCPATH\index.php(79): CodeIgniter\CodeIgniter->run()
12 SYSTEMPATH\Commands\Server\rewrite.php(47): require_once('C:\\laragon\\www\\rence_3f3_lab3\\public\\index.php')
CRITICAL - 2023-09-28 14:49:25 --> syntax error, unexpected floating-point number ".1", expecting ")"
in APPPATH\Views\include\header.php on line 15.
 1 SYSTEMPATH\View\View.php(229): CodeIgniter\View\View->CodeIgniter\View\{closure}()
 2 SYSTEMPATH\View\View.php(467): CodeIgniter\View\View->render('include/header', null, true)
 3 APPPATH\Views\template\index.php(1): CodeIgniter\View\View->include('include/header')
 4 SYSTEMPATH\View\View.php(226): include('C:\\laragon\\www\\rence_3f3_lab3\\app\\Views\\template\\index.php')
 5 SYSTEMPATH\View\View.php(229): CodeIgniter\View\View->CodeIgniter\View\{closure}()
 6 SYSTEMPATH\Common.php(1188): CodeIgniter\View\View->render('template/index', [], true)
 7 APPPATH\Controllers\Home.php(9): view('template/index')
 8 SYSTEMPATH\CodeIgniter.php(919): App\Controllers\Home->index()
 9 SYSTEMPATH\CodeIgniter.php(494): CodeIgniter\CodeIgniter->runController(Object(App\Controllers\Home))
10 SYSTEMPATH\CodeIgniter.php(353): CodeIgniter\CodeIgniter->handleRequest(null, Object(Config\Cache), false)
11 FCPATH\index.php(79): CodeIgniter\CodeIgniter->run()
12 SYSTEMPATH\Commands\Server\rewrite.php(47): require_once('C:\\laragon\\www\\rence_3f3_lab3\\public\\index.php')
CRITICAL - 2023-09-28 14:49:25 --> syntax error, unexpected floating-point number ".1", expecting ")"
in APPPATH\Views\include\header.php on line 15.
 1 SYSTEMPATH\View\View.php(229): CodeIgniter\View\View->CodeIgniter\View\{closure}()
 2 SYSTEMPATH\View\View.php(467): CodeIgniter\View\View->render('include/header', null, true)
 3 APPPATH\Views\template\index.php(1): CodeIgniter\View\View->include('include/header')
 4 SYSTEMPATH\View\View.php(226): include('C:\\laragon\\www\\rence_3f3_lab3\\app\\Views\\template\\index.php')
 5 SYSTEMPATH\View\View.php(229): CodeIgniter\View\View->CodeIgniter\View\{closure}()
 6 SYSTEMPATH\Common.php(1188): CodeIgniter\View\View->render('template/index', [], true)
 7 APPPATH\Controllers\Home.php(9): view('template/index')
 8 SYSTEMPATH\CodeIgniter.php(919): App\Controllers\Home->index()
 9 SYSTEMPATH\CodeIgniter.php(494): CodeIgniter\CodeIgniter->runController(Object(App\Controllers\Home))
10 SYSTEMPATH\CodeIgniter.php(353): CodeIgniter\CodeIgniter->handleRequest(null, Object(Config\Cache), false)
11 FCPATH\index.php(79): CodeIgniter\CodeIgniter->run()
12 SYSTEMPATH\Commands\Server\rewrite.php(47): require_once('C:\\laragon\\www\\rence_3f3_lab3\\public\\index.php')
CRITICAL - 2023-09-28 14:49:26 --> syntax error, unexpected floating-point number ".1", expecting ")"
in APPPATH\Views\include\header.php on line 15.
 1 SYSTEMPATH\View\View.php(229): CodeIgniter\View\View->CodeIgniter\View\{closure}()
 2 SYSTEMPATH\View\View.php(467): CodeIgniter\View\View->render('include/header', null, true)
 3 APPPATH\Views\template\index.php(1): CodeIgniter\View\View->include('include/header')
 4 SYSTEMPATH\View\View.php(226): include('C:\\laragon\\www\\rence_3f3_lab3\\app\\Views\\template\\index.php')
 5 SYSTEMPATH\View\View.php(229): CodeIgniter\View\View->CodeIgniter\View\{closure}()
 6 SYSTEMPATH\Common.php(1188): CodeIgniter\View\View->render('template/index', [], true)
 7 APPPATH\Controllers\Home.php(9): view('template/index')
 8 SYSTEMPATH\CodeIgniter.php(919): App\Controllers\Home->index()
 9 SYSTEMPATH\CodeIgniter.php(494): CodeIgniter\CodeIgniter->runController(Object(App\Controllers\Home))
10 SYSTEMPATH\CodeIgniter.php(353): CodeIgniter\CodeIgniter->handleRequest(null, Object(Config\Cache), false)
11 FCPATH\index.php(79): CodeIgniter\CodeIgniter->run()
12 SYSTEMPATH\Commands\Server\rewrite.php(47): require_once('C:\\laragon\\www\\rence_3f3_lab3\\public\\index.php')
CRITICAL - 2023-09-28 15:18:13 --> Invalid file: "include/link.php"
in SYSTEMPATH\Exceptions\FrameworkException.php on line 39.
 1 SYSTEMPATH\View\View.php(214): CodeIgniter\Exceptions\FrameworkException::forInvalidFile('include/link.php')
 2 SYSTEMPATH\View\View.php(467): CodeIgniter\View\View->render('include/link', null, true)
 3 APPPATH\Views\template\index.php(1): CodeIgniter\View\View->include('include/link')
 4 SYSTEMPATH\View\View.php(226): include('C:\\laragon\\www\\rence_3f3_lab3\\app\\Views\\template\\index.php')
 5 SYSTEMPATH\View\View.php(229): CodeIgniter\View\View->CodeIgniter\View\{closure}()
 6 SYSTEMPATH\Common.php(1188): CodeIgniter\View\View->render('template/index', [], true)
 7 APPPATH\Controllers\Home.php(9): view('template/index')
 8 SYSTEMPATH\CodeIgniter.php(919): App\Controllers\Home->index()
 9 SYSTEMPATH\CodeIgniter.php(494): CodeIgniter\CodeIgniter->runController(Object(App\Controllers\Home))
10 SYSTEMPATH\CodeIgniter.php(353): CodeIgniter\CodeIgniter->handleRequest(null, Object(Config\Cache), false)
11 FCPATH\index.php(79): CodeIgniter\CodeIgniter->run()
12 SYSTEMPATH\Commands\Server\rewrite.php(47): require_once('C:\\laragon\\www\\rence_3f3_lab3\\public\\index.php')
CRITICAL - 2023-09-28 17:10:32 --> syntax error, unexpected identifier "insert", expecting variable
in APPPATH\Controllers\Home.php on line 11.
 1 SYSTEMPATH\Autoloader\Autoloader.php(285): CodeIgniter\Autoloader\Autoloader->includeFile('C:\\laragon\\www\\rence_3f3_lab3\\app\\Controllers\\Home.php')
 2 SYSTEMPATH\Autoloader\Autoloader.php(263): CodeIgniter\Autoloader\Autoloader->loadInNamespace('App\\Controllers\\Home')
 3 [internal function]: CodeIgniter\Autoloader\Autoloader->loadClass('App\\Controllers\\Home')
 4 SYSTEMPATH\CodeIgniter.php(877): class_exists('\\App\\Controllers\\Home', true)
 5 SYSTEMPATH\CodeIgniter.php(481): CodeIgniter\CodeIgniter->startController()
 6 SYSTEMPATH\CodeIgniter.php(353): CodeIgniter\CodeIgniter->handleRequest(null, Object(Config\Cache), false)
 7 FCPATH\index.php(79): CodeIgniter\CodeIgniter->run()
 8 SYSTEMPATH\Commands\Server\rewrite.php(47): require_once('C:\\laragon\\www\\rence_3f3_lab3\\public\\index.php')
CRITICAL - 2023-09-28 17:11:08 --> syntax error, unexpected identifier "insert", expecting variable
in APPPATH\Controllers\Home.php on line 11.
 1 SYSTEMPATH\Autoloader\Autoloader.php(285): CodeIgniter\Autoloader\Autoloader->includeFile('C:\\laragon\\www\\rence_3f3_lab3\\app\\Controllers\\Home.php')
 2 SYSTEMPATH\Autoloader\Autoloader.php(263): CodeIgniter\Autoloader\Autoloader->loadInNamespace('App\\Controllers\\Home')
 3 [internal function]: CodeIgniter\Autoloader\Autoloader->loadClass('App\\Controllers\\Home')
 4 SYSTEMPATH\CodeIgniter.php(877): class_exists('\\App\\Controllers\\Home', true)
 5 SYSTEMPATH\CodeIgniter.php(481): CodeIgniter\CodeIgniter->startController()
 6 SYSTEMPATH\CodeIgniter.php(353): CodeIgniter\CodeIgniter->handleRequest(null, Object(Config\Cache), false)
 7 FCPATH\index.php(79): CodeIgniter\CodeIgniter->run()
 8 SYSTEMPATH\Commands\Server\rewrite.php(47): require_once('C:\\laragon\\www\\rence_3f3_lab3\\public\\index.php')
CRITICAL - 2023-09-28 17:11:10 --> syntax error, unexpected identifier "insert", expecting variable
in APPPATH\Controllers\Home.php on line 11.
 1 SYSTEMPATH\Autoloader\Autoloader.php(285): CodeIgniter\Autoloader\Autoloader->includeFile('C:\\laragon\\www\\rence_3f3_lab3\\app\\Controllers\\Home.php')
 2 SYSTEMPATH\Autoloader\Autoloader.php(263): CodeIgniter\Autoloader\Autoloader->loadInNamespace('App\\Controllers\\Home')
 3 [internal function]: CodeIgniter\Autoloader\Autoloader->loadClass('App\\Controllers\\Home')
 4 SYSTEMPATH\CodeIgniter.php(877): class_exists('\\App\\Controllers\\Home', true)
 5 SYSTEMPATH\CodeIgniter.php(481): CodeIgniter\CodeIgniter->startController()
 6 SYSTEMPATH\CodeIgniter.php(353): CodeIgniter\CodeIgniter->handleRequest(null, Object(Config\Cache), false)
 7 FCPATH\index.php(79): CodeIgniter\CodeIgniter->run()
 8 SYSTEMPATH\Commands\Server\rewrite.php(47): require_once('C:\\laragon\\www\\rence_3f3_lab3\\public\\index.php')
CRITICAL - 2023-09-28 17:11:10 --> syntax error, unexpected identifier "insert", expecting variable
in APPPATH\Controllers\Home.php on line 11.
 1 SYSTEMPATH\Autoloader\Autoloader.php(285): CodeIgniter\Autoloader\Autoloader->includeFile('C:\\laragon\\www\\rence_3f3_lab3\\app\\Controllers\\Home.php')
 2 SYSTEMPATH\Autoloader\Autoloader.php(263): CodeIgniter\Autoloader\Autoloader->loadInNamespace('App\\Controllers\\Home')
 3 [internal function]: CodeIgniter\Autoloader\Autoloader->loadClass('App\\Controllers\\Home')
 4 SYSTEMPATH\CodeIgniter.php(877): class_exists('\\App\\Controllers\\Home', true)
 5 SYSTEMPATH\CodeIgniter.php(481): CodeIgniter\CodeIgniter->startController()
 6 SYSTEMPATH\CodeIgniter.php(353): CodeIgniter\CodeIgniter->handleRequest(null, Object(Config\Cache), false)
 7 FCPATH\index.php(79): CodeIgniter\CodeIgniter->run()
 8 SYSTEMPATH\Commands\Server\rewrite.php(47): require_once('C:\\laragon\\www\\rence_3f3_lab3\\public\\index.php')
CRITICAL - 2023-09-28 17:11:10 --> syntax error, unexpected identifier "insert", expecting variable
in APPPATH\Controllers\Home.php on line 11.
 1 SYSTEMPATH\Autoloader\Autoloader.php(285): CodeIgniter\Autoloader\Autoloader->includeFile('C:\\laragon\\www\\rence_3f3_lab3\\app\\Controllers\\Home.php')
 2 SYSTEMPATH\Autoloader\Autoloader.php(263): CodeIgniter\Autoloader\Autoloader->loadInNamespace('App\\Controllers\\Home')
 3 [internal function]: CodeIgniter\Autoloader\Autoloader->loadClass('App\\Controllers\\Home')
 4 SYSTEMPATH\CodeIgniter.php(877): class_exists('\\App\\Controllers\\Home', true)
 5 SYSTEMPATH\CodeIgniter.php(481): CodeIgniter\CodeIgniter->startController()
 6 SYSTEMPATH\CodeIgniter.php(353): CodeIgniter\CodeIgniter->handleRequest(null, Object(Config\Cache), false)
 7 FCPATH\index.php(79): CodeIgniter\CodeIgniter->run()
 8 SYSTEMPATH\Commands\Server\rewrite.php(47): require_once('C:\\laragon\\www\\rence_3f3_lab3\\public\\index.php')
CRITICAL - 2023-09-28 17:11:15 --> syntax error, unexpected identifier "insert", expecting variable
in APPPATH\Controllers\Home.php on line 11.
 1 SYSTEMPATH\Autoloader\Autoloader.php(285): CodeIgniter\Autoloader\Autoloader->includeFile('C:\\laragon\\www\\rence_3f3_lab3\\app\\Controllers\\Home.php')
 2 SYSTEMPATH\Autoloader\Autoloader.php(263): CodeIgniter\Autoloader\Autoloader->loadInNamespace('App\\Controllers\\Home')
 3 [internal function]: CodeIgniter\Autoloader\Autoloader->loadClass('App\\Controllers\\Home')
 4 SYSTEMPATH\CodeIgniter.php(877): class_exists('\\App\\Controllers\\Home', true)
 5 SYSTEMPATH\CodeIgniter.php(481): CodeIgniter\CodeIgniter->startController()
 6 SYSTEMPATH\CodeIgniter.php(353): CodeIgniter\CodeIgniter->handleRequest(null, Object(Config\Cache), false)
 7 FCPATH\index.php(79): CodeIgniter\CodeIgniter->run()
 8 SYSTEMPATH\Commands\Server\rewrite.php(47): require_once('C:\\laragon\\www\\rence_3f3_lab3\\public\\index.php')
CRITICAL - 2023-09-28 17:12:17 --> syntax error, unexpected token "}", expecting ";"
in APPPATH\Controllers\Home.php on line 14.
 1 SYSTEMPATH\Autoloader\Autoloader.php(285): CodeIgniter\Autoloader\Autoloader->includeFile('C:\\laragon\\www\\rence_3f3_lab3\\app\\Controllers\\Home.php')
 2 SYSTEMPATH\Autoloader\Autoloader.php(263): CodeIgniter\Autoloader\Autoloader->loadInNamespace('App\\Controllers\\Home')
 3 [internal function]: CodeIgniter\Autoloader\Autoloader->loadClass('App\\Controllers\\Home')
 4 SYSTEMPATH\CodeIgniter.php(877): class_exists('\\App\\Controllers\\Home', true)
 5 SYSTEMPATH\CodeIgniter.php(481): CodeIgniter\CodeIgniter->startController()
 6 SYSTEMPATH\CodeIgniter.php(353): CodeIgniter\CodeIgniter->handleRequest(null, Object(Config\Cache), false)
 7 FCPATH\index.php(79): CodeIgniter\CodeIgniter->run()
 8 SYSTEMPATH\Commands\Server\rewrite.php(47): require_once('C:\\laragon\\www\\rence_3f3_lab3\\public\\index.php')
CRITICAL - 2023-09-28 17:12:39 --> syntax error, unexpected token "}", expecting ";"
in APPPATH\Controllers\Home.php on line 14.
 1 SYSTEMPATH\Autoloader\Autoloader.php(285): CodeIgniter\Autoloader\Autoloader->includeFile('C:\\laragon\\www\\rence_3f3_lab3\\app\\Controllers\\Home.php')
 2 SYSTEMPATH\Autoloader\Autoloader.php(263): CodeIgniter\Autoloader\Autoloader->loadInNamespace('App\\Controllers\\Home')
 3 [internal function]: CodeIgniter\Autoloader\Autoloader->loadClass('App\\Controllers\\Home')
 4 SYSTEMPATH\CodeIgniter.php(877): class_exists('\\App\\Controllers\\Home', true)
 5 SYSTEMPATH\CodeIgniter.php(481): CodeIgniter\CodeIgniter->startController()
 6 SYSTEMPATH\CodeIgniter.php(353): CodeIgniter\CodeIgniter->handleRequest(null, Object(Config\Cache), false)
 7 FCPATH\index.php(79): CodeIgniter\CodeIgniter->run()
 8 SYSTEMPATH\Commands\Server\rewrite.php(47): require_once('C:\\laragon\\www\\rence_3f3_lab3\\public\\index.php')
CRITICAL - 2023-09-28 17:12:40 --> syntax error, unexpected token "}", expecting ";"
in APPPATH\Controllers\Home.php on line 14.
 1 SYSTEMPATH\Autoloader\Autoloader.php(285): CodeIgniter\Autoloader\Autoloader->includeFile('C:\\laragon\\www\\rence_3f3_lab3\\app\\Controllers\\Home.php')
 2 SYSTEMPATH\Autoloader\Autoloader.php(263): CodeIgniter\Autoloader\Autoloader->loadInNamespace('App\\Controllers\\Home')
 3 [internal function]: CodeIgniter\Autoloader\Autoloader->loadClass('App\\Controllers\\Home')
 4 SYSTEMPATH\CodeIgniter.php(877): class_exists('\\App\\Controllers\\Home', true)
 5 SYSTEMPATH\CodeIgniter.php(481): CodeIgniter\CodeIgniter->startController()
 6 SYSTEMPATH\CodeIgniter.php(353): CodeIgniter\CodeIgniter->handleRequest(null, Object(Config\Cache), false)
 7 FCPATH\index.php(79): CodeIgniter\CodeIgniter->run()
 8 SYSTEMPATH\Commands\Server\rewrite.php(47): require_once('C:\\laragon\\www\\rence_3f3_lab3\\public\\index.php')
CRITICAL - 2023-09-28 17:12:40 --> syntax error, unexpected token "}", expecting ";"
in APPPATH\Controllers\Home.php on line 14.
 1 SYSTEMPATH\Autoloader\Autoloader.php(285): CodeIgniter\Autoloader\Autoloader->includeFile('C:\\laragon\\www\\rence_3f3_lab3\\app\\Controllers\\Home.php')
 2 SYSTEMPATH\Autoloader\Autoloader.php(263): CodeIgniter\Autoloader\Autoloader->loadInNamespace('App\\Controllers\\Home')
 3 [internal function]: CodeIgniter\Autoloader\Autoloader->loadClass('App\\Controllers\\Home')
 4 SYSTEMPATH\CodeIgniter.php(877): class_exists('\\App\\Controllers\\Home', true)
 5 SYSTEMPATH\CodeIgniter.php(481): CodeIgniter\CodeIgniter->startController()
 6 SYSTEMPATH\CodeIgniter.php(353): CodeIgniter\CodeIgniter->handleRequest(null, Object(Config\Cache), false)
 7 FCPATH\index.php(79): CodeIgniter\CodeIgniter->run()
 8 SYSTEMPATH\Commands\Server\rewrite.php(47): require_once('C:\\laragon\\www\\rence_3f3_lab3\\public\\index.php')
CRITICAL - 2023-09-28 17:14:24 --> syntax error, unexpected token "}", expecting ";"
in APPPATH\Controllers\Home.php on line 16.
 1 SYSTEMPATH\Autoloader\Autoloader.php(285): CodeIgniter\Autoloader\Autoloader->includeFile('C:\\laragon\\www\\rence_3f3_lab3\\app\\Controllers\\Home.php')
 2 SYSTEMPATH\Autoloader\Autoloader.php(263): CodeIgniter\Autoloader\Autoloader->loadInNamespace('App\\Controllers\\Home')
 3 [internal function]: CodeIgniter\Autoloader\Autoloader->loadClass('App\\Controllers\\Home')
 4 SYSTEMPATH\CodeIgniter.php(877): class_exists('\\App\\Controllers\\Home', true)
 5 SYSTEMPATH\CodeIgniter.php(481): CodeIgniter\CodeIgniter->startController()
 6 SYSTEMPATH\CodeIgniter.php(353): CodeIgniter\CodeIgniter->handleRequest(null, Object(Config\Cache), false)
 7 FCPATH\index.php(79): CodeIgniter\CodeIgniter->run()
 8 SYSTEMPATH\Commands\Server\rewrite.php(47): require_once('C:\\laragon\\www\\rence_3f3_lab3\\public\\index.php')
CRITICAL - 2023-09-28 17:14:25 --> syntax error, unexpected token "}", expecting ";"
in APPPATH\Controllers\Home.php on line 16.
 1 SYSTEMPATH\Autoloader\Autoloader.php(285): CodeIgniter\Autoloader\Autoloader->includeFile('C:\\laragon\\www\\rence_3f3_lab3\\app\\Controllers\\Home.php')
 2 SYSTEMPATH\Autoloader\Autoloader.php(263): CodeIgniter\Autoloader\Autoloader->loadInNamespace('App\\Controllers\\Home')
 3 [internal function]: CodeIgniter\Autoloader\Autoloader->loadClass('App\\Controllers\\Home')
 4 SYSTEMPATH\CodeIgniter.php(877): class_exists('\\App\\Controllers\\Home', true)
 5 SYSTEMPATH\CodeIgniter.php(481): CodeIgniter\CodeIgniter->startController()
 6 SYSTEMPATH\CodeIgniter.php(353): CodeIgniter\CodeIgniter->handleRequest(null, Object(Config\Cache), false)
 7 FCPATH\index.php(79): CodeIgniter\CodeIgniter->run()
 8 SYSTEMPATH\Commands\Server\rewrite.php(47): require_once('C:\\laragon\\www\\rence_3f3_lab3\\public\\index.php')
CRITICAL - 2023-09-28 17:14:26 --> syntax error, unexpected token "}", expecting ";"
in APPPATH\Controllers\Home.php on line 16.
 1 SYSTEMPATH\Autoloader\Autoloader.php(285): CodeIgniter\Autoloader\Autoloader->includeFile('C:\\laragon\\www\\rence_3f3_lab3\\app\\Controllers\\Home.php')
 2 SYSTEMPATH\Autoloader\Autoloader.php(263): CodeIgniter\Autoloader\Autoloader->loadInNamespace('App\\Controllers\\Home')
 3 [internal function]: CodeIgniter\Autoloader\Autoloader->loadClass('App\\Controllers\\Home')
 4 SYSTEMPATH\CodeIgniter.php(877): class_exists('\\App\\Controllers\\Home', true)
 5 SYSTEMPATH\CodeIgniter.php(481): CodeIgniter\CodeIgniter->startController()
 6 SYSTEMPATH\CodeIgniter.php(353): CodeIgniter\CodeIgniter->handleRequest(null, Object(Config\Cache), false)
 7 FCPATH\index.php(79): CodeIgniter\CodeIgniter->run()
 8 SYSTEMPATH\Commands\Server\rewrite.php(47): require_once('C:\\laragon\\www\\rence_3f3_lab3\\public\\index.php')
CRITICAL - 2023-09-28 17:14:26 --> syntax error, unexpected token "}", expecting ";"
in APPPATH\Controllers\Home.php on line 16.
 1 SYSTEMPATH\Autoloader\Autoloader.php(285): CodeIgniter\Autoloader\Autoloader->includeFile('C:\\laragon\\www\\rence_3f3_lab3\\app\\Controllers\\Home.php')
 2 SYSTEMPATH\Autoloader\Autoloader.php(263): CodeIgniter\Autoloader\Autoloader->loadInNamespace('App\\Controllers\\Home')
 3 [internal function]: CodeIgniter\Autoloader\Autoloader->loadClass('App\\Controllers\\Home')
 4 SYSTEMPATH\CodeIgniter.php(877): class_exists('\\App\\Controllers\\Home', true)
 5 SYSTEMPATH\CodeIgniter.php(481): CodeIgniter\CodeIgniter->startController()
 6 SYSTEMPATH\CodeIgniter.php(353): CodeIgniter\CodeIgniter->handleRequest(null, Object(Config\Cache), false)
 7 FCPATH\index.php(79): CodeIgniter\CodeIgniter->run()
 8 SYSTEMPATH\Commands\Server\rewrite.php(47): require_once('C:\\laragon\\www\\rence_3f3_lab3\\public\\index.php')
CRITICAL - 2023-09-28 17:21:15 --> Invalid file: "include/index.php"
in SYSTEMPATH\Exceptions\FrameworkException.php on line 39.
 1 SYSTEMPATH\View\View.php(214): CodeIgniter\Exceptions\FrameworkException::forInvalidFile('include/index.php')
 2 SYSTEMPATH\Common.php(1188): CodeIgniter\View\View->render('include/index', [], true)
 3 APPPATH\Controllers\UserController.php(11): view('include/index')
 4 SYSTEMPATH\CodeIgniter.php(919): App\Controllers\UserController->index()
 5 SYSTEMPATH\CodeIgniter.php(494): CodeIgniter\CodeIgniter->runController(Object(App\Controllers\UserController))
 6 SYSTEMPATH\CodeIgniter.php(353): CodeIgniter\CodeIgniter->handleRequest(null, Object(Config\Cache), false)
 7 FCPATH\index.php(79): CodeIgniter\CodeIgniter->run()
 8 SYSTEMPATH\Commands\Server\rewrite.php(47): require_once('C:\\laragon\\www\\rence_3f3_lab3\\public\\index.php')
CRITICAL - 2023-09-28 17:23:18 --> syntax error, unexpected token "<", expecting end of file
in APPPATH\Views\admins\insert.php on line 3.
 1 SYSTEMPATH\View\View.php(229): CodeIgniter\View\View->CodeIgniter\View\{closure}()
 2 SYSTEMPATH\Common.php(1188): CodeIgniter\View\View->render('admins/insert', [], true)
 3 APPPATH\Controllers\AdminController.php(14): view('admins/insert')
 4 SYSTEMPATH\CodeIgniter.php(919): App\Controllers\AdminController->insert()
 5 SYSTEMPATH\CodeIgniter.php(494): CodeIgniter\CodeIgniter->runController(Object(App\Controllers\AdminController))
 6 SYSTEMPATH\CodeIgniter.php(353): CodeIgniter\CodeIgniter->handleRequest(null, Object(Config\Cache), false)
 7 FCPATH\index.php(79): CodeIgniter\CodeIgniter->run()
 8 SYSTEMPATH\Commands\Server\rewrite.php(47): require_once('C:\\laragon\\www\\rence_3f3_lab3\\public\\index.php')
CRITICAL - 2023-09-28 17:43:44 --> Undefined variable $categories
in APPPATH\Views\admins\insert.php on line 24.
 1 APPPATH\Views\admins\insert.php(24): CodeIgniter\Debug\Exceptions->errorHandler(2, 'Undefined variable $categories', 'C:\\laragon\\www\\rence_3f3_lab3\\app\\Views\\admins\\insert.php', 24)
 2 SYSTEMPATH\View\View.php(226): include('C:\\laragon\\www\\rence_3f3_lab3\\app\\Views\\admins\\insert.php')
 3 SYSTEMPATH\View\View.php(229): CodeIgniter\View\View->CodeIgniter\View\{closure}()
 4 SYSTEMPATH\Common.php(1188): CodeIgniter\View\View->render('admins/insert', [], true)
 5 APPPATH\Controllers\AdminController.php(14): view('admins/insert')
 6 SYSTEMPATH\CodeIgniter.php(919): App\Controllers\AdminController->insert()
 7 SYSTEMPATH\CodeIgniter.php(494): CodeIgniter\CodeIgniter->runController(Object(App\Controllers\AdminController))
 8 SYSTEMPATH\CodeIgniter.php(353): CodeIgniter\CodeIgniter->handleRequest(null, Object(Config\Cache), false)
 9 FCPATH\index.php(79): CodeIgniter\CodeIgniter->run()
10 SYSTEMPATH\Commands\Server\rewrite.php(47): require_once('C:\\laragon\\www\\rence_3f3_lab3\\public\\index.php')
CRITICAL - 2023-09-28 17:44:54 --> Undefined variable $categories
in APPPATH\Views\admins\insert.php on line 24.
 1 APPPATH\Views\admins\insert.php(24): CodeIgniter\Debug\Exceptions->errorHandler(2, 'Undefined variable $categories', 'C:\\laragon\\www\\rence_3f3_lab3\\app\\Views\\admins\\insert.php', 24)
 2 SYSTEMPATH\View\View.php(226): include('C:\\laragon\\www\\rence_3f3_lab3\\app\\Views\\admins\\insert.php')
 3 SYSTEMPATH\View\View.php(229): CodeIgniter\View\View->CodeIgniter\View\{closure}()
 4 SYSTEMPATH\Common.php(1188): CodeIgniter\View\View->render('admins/insert', [], true)
 5 APPPATH\Controllers\AdminController.php(14): view('admins/insert')
 6 SYSTEMPATH\CodeIgniter.php(919): App\Controllers\AdminController->insert()
 7 SYSTEMPATH\CodeIgniter.php(494): CodeIgniter\CodeIgniter->runController(Object(App\Controllers\AdminController))
 8 SYSTEMPATH\CodeIgniter.php(353): CodeIgniter\CodeIgniter->handleRequest(null, Object(Config\Cache), false)
 9 FCPATH\index.php(79): CodeIgniter\CodeIgniter->run()
10 SYSTEMPATH\Commands\Server\rewrite.php(47): require_once('C:\\laragon\\www\\rence_3f3_lab3\\public\\index.php')
CRITICAL - 2023-09-28 17:44:55 --> Undefined variable $categories
in APPPATH\Views\admins\insert.php on line 24.
 1 APPPATH\Views\admins\insert.php(24): CodeIgniter\Debug\Exceptions->errorHandler(2, 'Undefined variable $categories', 'C:\\laragon\\www\\rence_3f3_lab3\\app\\Views\\admins\\insert.php', 24)
 2 SYSTEMPATH\View\View.php(226): include('C:\\laragon\\www\\rence_3f3_lab3\\app\\Views\\admins\\insert.php')
 3 SYSTEMPATH\View\View.php(229): CodeIgniter\View\View->CodeIgniter\View\{closure}()
 4 SYSTEMPATH\Common.php(1188): CodeIgniter\View\View->render('admins/insert', [], true)
 5 APPPATH\Controllers\AdminController.php(14): view('admins/insert')
 6 SYSTEMPATH\CodeIgniter.php(919): App\Controllers\AdminController->insert()
 7 SYSTEMPATH\CodeIgniter.php(494): CodeIgniter\CodeIgniter->runController(Object(App\Controllers\AdminController))
 8 SYSTEMPATH\CodeIgniter.php(353): CodeIgniter\CodeIgniter->handleRequest(null, Object(Config\Cache), false)
 9 FCPATH\index.php(79): CodeIgniter\CodeIgniter->run()
10 SYSTEMPATH\Commands\Server\rewrite.php(47): require_once('C:\\laragon\\www\\rence_3f3_lab3\\public\\index.php')
CRITICAL - 2023-09-28 17:47:08 --> Undefined variable $categories
in APPPATH\Views\admins\insert.php on line 24.
 1 APPPATH\Views\admins\insert.php(24): CodeIgniter\Debug\Exceptions->errorHandler(2, 'Undefined variable $categories', 'C:\\laragon\\www\\rence_3f3_lab3\\app\\Views\\admins\\insert.php', 24)
 2 SYSTEMPATH\View\View.php(226): include('C:\\laragon\\www\\rence_3f3_lab3\\app\\Views\\admins\\insert.php')
 3 SYSTEMPATH\View\View.php(229): CodeIgniter\View\View->CodeIgniter\View\{closure}()
 4 SYSTEMPATH\Common.php(1188): CodeIgniter\View\View->render('admins/insert', [], true)
 5 APPPATH\Controllers\AdminController.php(14): view('admins/insert')
 6 SYSTEMPATH\CodeIgniter.php(919): App\Controllers\AdminController->insert()
 7 SYSTEMPATH\CodeIgniter.php(494): CodeIgniter\CodeIgniter->runController(Object(App\Controllers\AdminController))
 8 SYSTEMPATH\CodeIgniter.php(353): CodeIgniter\CodeIgniter->handleRequest(null, Object(Config\Cache), false)
 9 FCPATH\index.php(79): CodeIgniter\CodeIgniter->run()
10 SYSTEMPATH\Commands\Server\rewrite.php(47): require_once('C:\\laragon\\www\\rence_3f3_lab3\\public\\index.php')
CRITICAL - 2023-09-28 17:47:10 --> Undefined variable $categories
in APPPATH\Views\admins\insert.php on line 24.
 1 APPPATH\Views\admins\insert.php(24): CodeIgniter\Debug\Exceptions->errorHandler(2, 'Undefined variable $categories', 'C:\\laragon\\www\\rence_3f3_lab3\\app\\Views\\admins\\insert.php', 24)
 2 SYSTEMPATH\View\View.php(226): include('C:\\laragon\\www\\rence_3f3_lab3\\app\\Views\\admins\\insert.php')
 3 SYSTEMPATH\View\View.php(229): CodeIgniter\View\View->CodeIgniter\View\{closure}()
 4 SYSTEMPATH\Common.php(1188): CodeIgniter\View\View->render('admins/insert', [], true)
 5 APPPATH\Controllers\AdminController.php(14): view('admins/insert')
 6 SYSTEMPATH\CodeIgniter.php(919): App\Controllers\AdminController->insert()
 7 SYSTEMPATH\CodeIgniter.php(494): CodeIgniter\CodeIgniter->runController(Object(App\Controllers\AdminController))
 8 SYSTEMPATH\CodeIgniter.php(353): CodeIgniter\CodeIgniter->handleRequest(null, Object(Config\Cache), false)
 9 FCPATH\index.php(79): CodeIgniter\CodeIgniter->run()
10 SYSTEMPATH\Commands\Server\rewrite.php(47): require_once('C:\\laragon\\www\\rence_3f3_lab3\\public\\index.php')
CRITICAL - 2023-09-28 17:47:11 --> Undefined variable $categories
in APPPATH\Views\admins\insert.php on line 24.
 1 APPPATH\Views\admins\insert.php(24): CodeIgniter\Debug\Exceptions->errorHandler(2, 'Undefined variable $categories', 'C:\\laragon\\www\\rence_3f3_lab3\\app\\Views\\admins\\insert.php', 24)
 2 SYSTEMPATH\View\View.php(226): include('C:\\laragon\\www\\rence_3f3_lab3\\app\\Views\\admins\\insert.php')
 3 SYSTEMPATH\View\View.php(229): CodeIgniter\View\View->CodeIgniter\View\{closure}()
 4 SYSTEMPATH\Common.php(1188): CodeIgniter\View\View->render('admins/insert', [], true)
 5 APPPATH\Controllers\AdminController.php(14): view('admins/insert')
 6 SYSTEMPATH\CodeIgniter.php(919): App\Controllers\AdminController->insert()
 7 SYSTEMPATH\CodeIgniter.php(494): CodeIgniter\CodeIgniter->runController(Object(App\Controllers\AdminController))
 8 SYSTEMPATH\CodeIgniter.php(353): CodeIgniter\CodeIgniter->handleRequest(null, Object(Config\Cache), false)
 9 FCPATH\index.php(79): CodeIgniter\CodeIgniter->run()
10 SYSTEMPATH\Commands\Server\rewrite.php(47): require_once('C:\\laragon\\www\\rence_3f3_lab3\\public\\index.php')
CRITICAL - 2023-09-28 17:48:30 --> Undefined variable $categories
in APPPATH\Views\admins\insert.php on line 24.
 1 APPPATH\Views\admins\insert.php(24): CodeIgniter\Debug\Exceptions->errorHandler(2, 'Undefined variable $categories', 'C:\\laragon\\www\\rence_3f3_lab3\\app\\Views\\admins\\insert.php', 24)
 2 SYSTEMPATH\View\View.php(226): include('C:\\laragon\\www\\rence_3f3_lab3\\app\\Views\\admins\\insert.php')
 3 SYSTEMPATH\View\View.php(229): CodeIgniter\View\View->CodeIgniter\View\{closure}()
 4 SYSTEMPATH\Common.php(1188): CodeIgniter\View\View->render('admins/insert', [], true)
 5 APPPATH\Controllers\AdminController.php(14): view('admins/insert')
 6 SYSTEMPATH\CodeIgniter.php(919): App\Controllers\AdminController->insert()
 7 SYSTEMPATH\CodeIgniter.php(494): CodeIgniter\CodeIgniter->runController(Object(App\Controllers\AdminController))
 8 SYSTEMPATH\CodeIgniter.php(353): CodeIgniter\CodeIgniter->handleRequest(null, Object(Config\Cache), false)
 9 FCPATH\index.php(79): CodeIgniter\CodeIgniter->run()
10 SYSTEMPATH\Commands\Server\rewrite.php(47): require_once('C:\\laragon\\www\\rence_3f3_lab3\\public\\index.php')
CRITICAL - 2023-09-28 17:52:55 --> Undefined variable $categories
in APPPATH\Views\admins\insert.php on line 24.
 1 APPPATH\Views\admins\insert.php(24): CodeIgniter\Debug\Exceptions->errorHandler(2, 'Undefined variable $categories', 'C:\\laragon\\www\\rence_3f3_lab3\\app\\Views\\admins\\insert.php', 24)
 2 SYSTEMPATH\View\View.php(226): include('C:\\laragon\\www\\rence_3f3_lab3\\app\\Views\\admins\\insert.php')
 3 SYSTEMPATH\View\View.php(229): CodeIgniter\View\View->CodeIgniter\View\{closure}()
 4 SYSTEMPATH\Common.php(1188): CodeIgniter\View\View->render('admins/insert', [], true)
 5 APPPATH\Controllers\AdminController.php(14): view('admins/insert')
 6 SYSTEMPATH\CodeIgniter.php(919): App\Controllers\AdminController->insert()
 7 SYSTEMPATH\CodeIgniter.php(494): CodeIgniter\CodeIgniter->runController(Object(App\Controllers\AdminController))
 8 SYSTEMPATH\CodeIgniter.php(353): CodeIgniter\CodeIgniter->handleRequest(null, Object(Config\Cache), false)
 9 FCPATH\index.php(79): CodeIgniter\CodeIgniter->run()
10 SYSTEMPATH\Commands\Server\rewrite.php(47): require_once('C:\\laragon\\www\\rence_3f3_lab3\\public\\index.php')
CRITICAL - 2023-09-28 17:55:58 --> Undefined variable $categories
in APPPATH\Views\admins\insert.php on line 24.
 1 APPPATH\Views\admins\insert.php(24): CodeIgniter\Debug\Exceptions->errorHandler(2, 'Undefined variable $categories', 'C:\\laragon\\www\\rence_3f3_lab3\\app\\Views\\admins\\insert.php', 24)
 2 SYSTEMPATH\View\View.php(226): include('C:\\laragon\\www\\rence_3f3_lab3\\app\\Views\\admins\\insert.php')
 3 SYSTEMPATH\View\View.php(229): CodeIgniter\View\View->CodeIgniter\View\{closure}()
 4 SYSTEMPATH\Common.php(1188): CodeIgniter\View\View->render('admins/insert', [], true)
 5 APPPATH\Controllers\AdminController.php(14): view('admins/insert')
 6 SYSTEMPATH\CodeIgniter.php(919): App\Controllers\AdminController->insert()
 7 SYSTEMPATH\CodeIgniter.php(494): CodeIgniter\CodeIgniter->runController(Object(App\Controllers\AdminController))
 8 SYSTEMPATH\CodeIgniter.php(353): CodeIgniter\CodeIgniter->handleRequest(null, Object(Config\Cache), false)
 9 FCPATH\index.php(79): CodeIgniter\CodeIgniter->run()
10 SYSTEMPATH\Commands\Server\rewrite.php(47): require_once('C:\\laragon\\www\\rence_3f3_lab3\\public\\index.php')
CRITICAL - 2023-09-28 17:55:59 --> Undefined variable $categories
in APPPATH\Views\admins\insert.php on line 24.
 1 APPPATH\Views\admins\insert.php(24): CodeIgniter\Debug\Exceptions->errorHandler(2, 'Undefined variable $categories', 'C:\\laragon\\www\\rence_3f3_lab3\\app\\Views\\admins\\insert.php', 24)
 2 SYSTEMPATH\View\View.php(226): include('C:\\laragon\\www\\rence_3f3_lab3\\app\\Views\\admins\\insert.php')
 3 SYSTEMPATH\View\View.php(229): CodeIgniter\View\View->CodeIgniter\View\{closure}()
 4 SYSTEMPATH\Common.php(1188): CodeIgniter\View\View->render('admins/insert', [], true)
 5 APPPATH\Controllers\AdminController.php(14): view('admins/insert')
 6 SYSTEMPATH\CodeIgniter.php(919): App\Controllers\AdminController->insert()
 7 SYSTEMPATH\CodeIgniter.php(494): CodeIgniter\CodeIgniter->runController(Object(App\Controllers\AdminController))
 8 SYSTEMPATH\CodeIgniter.php(353): CodeIgniter\CodeIgniter->handleRequest(null, Object(Config\Cache), false)
 9 FCPATH\index.php(79): CodeIgniter\CodeIgniter->run()
10 SYSTEMPATH\Commands\Server\rewrite.php(47): require_once('C:\\laragon\\www\\rence_3f3_lab3\\public\\index.php')
CRITICAL - 2023-09-28 17:56:26 --> Undefined variable $categories
in APPPATH\Views\admins\insert.php on line 24.
 1 APPPATH\Views\admins\insert.php(24): CodeIgniter\Debug\Exceptions->errorHandler(2, 'Undefined variable $categories', 'C:\\laragon\\www\\rence_3f3_lab3\\app\\Views\\admins\\insert.php', 24)
 2 SYSTEMPATH\View\View.php(226): include('C:\\laragon\\www\\rence_3f3_lab3\\app\\Views\\admins\\insert.php')
 3 SYSTEMPATH\View\View.php(229): CodeIgniter\View\View->CodeIgniter\View\{closure}()
 4 SYSTEMPATH\Common.php(1188): CodeIgniter\View\View->render('admins/insert', [], true)
 5 APPPATH\Controllers\AdminController.php(14): view('admins/insert')
 6 SYSTEMPATH\CodeIgniter.php(919): App\Controllers\AdminController->insert()
 7 SYSTEMPATH\CodeIgniter.php(494): CodeIgniter\CodeIgniter->runController(Object(App\Controllers\AdminController))
 8 SYSTEMPATH\CodeIgniter.php(353): CodeIgniter\CodeIgniter->handleRequest(null, Object(Config\Cache), false)
 9 FCPATH\index.php(79): CodeIgniter\CodeIgniter->run()
10 SYSTEMPATH\Commands\Server\rewrite.php(47): require_once('C:\\laragon\\www\\rence_3f3_lab3\\public\\index.php')
CRITICAL - 2023-09-28 17:56:28 --> Undefined variable $categories
in APPPATH\Views\admins\insert.php on line 24.
 1 APPPATH\Views\admins\insert.php(24): CodeIgniter\Debug\Exceptions->errorHandler(2, 'Undefined variable $categories', 'C:\\laragon\\www\\rence_3f3_lab3\\app\\Views\\admins\\insert.php', 24)
 2 SYSTEMPATH\View\View.php(226): include('C:\\laragon\\www\\rence_3f3_lab3\\app\\Views\\admins\\insert.php')
 3 SYSTEMPATH\View\View.php(229): CodeIgniter\View\View->CodeIgniter\View\{closure}()
 4 SYSTEMPATH\Common.php(1188): CodeIgniter\View\View->render('admins/insert', [], true)
 5 APPPATH\Controllers\AdminController.php(14): view('admins/insert')
 6 SYSTEMPATH\CodeIgniter.php(919): App\Controllers\AdminController->insert()
 7 SYSTEMPATH\CodeIgniter.php(494): CodeIgniter\CodeIgniter->runController(Object(App\Controllers\AdminController))
 8 SYSTEMPATH\CodeIgniter.php(353): CodeIgniter\CodeIgniter->handleRequest(null, Object(Config\Cache), false)
 9 FCPATH\index.php(79): CodeIgniter\CodeIgniter->run()
10 SYSTEMPATH\Commands\Server\rewrite.php(47): require_once('C:\\laragon\\www\\rence_3f3_lab3\\public\\index.php')
CRITICAL - 2023-09-28 17:56:28 --> Undefined variable $categories
in APPPATH\Views\admins\insert.php on line 24.
 1 APPPATH\Views\admins\insert.php(24): CodeIgniter\Debug\Exceptions->errorHandler(2, 'Undefined variable $categories', 'C:\\laragon\\www\\rence_3f3_lab3\\app\\Views\\admins\\insert.php', 24)
 2 SYSTEMPATH\View\View.php(226): include('C:\\laragon\\www\\rence_3f3_lab3\\app\\Views\\admins\\insert.php')
 3 SYSTEMPATH\View\View.php(229): CodeIgniter\View\View->CodeIgniter\View\{closure}()
 4 SYSTEMPATH\Common.php(1188): CodeIgniter\View\View->render('admins/insert', [], true)
 5 APPPATH\Controllers\AdminController.php(14): view('admins/insert')
 6 SYSTEMPATH\CodeIgniter.php(919): App\Controllers\AdminController->insert()
 7 SYSTEMPATH\CodeIgniter.php(494): CodeIgniter\CodeIgniter->runController(Object(App\Controllers\AdminController))
 8 SYSTEMPATH\CodeIgniter.php(353): CodeIgniter\CodeIgniter->handleRequest(null, Object(Config\Cache), false)
 9 FCPATH\index.php(79): CodeIgniter\CodeIgniter->run()
10 SYSTEMPATH\Commands\Server\rewrite.php(47): require_once('C:\\laragon\\www\\rence_3f3_lab3\\public\\index.php')
CRITICAL - 2023-09-28 17:56:28 --> Undefined variable $categories
in APPPATH\Views\admins\insert.php on line 24.
 1 APPPATH\Views\admins\insert.php(24): CodeIgniter\Debug\Exceptions->errorHandler(2, 'Undefined variable $categories', 'C:\\laragon\\www\\rence_3f3_lab3\\app\\Views\\admins\\insert.php', 24)
 2 SYSTEMPATH\View\View.php(226): include('C:\\laragon\\www\\rence_3f3_lab3\\app\\Views\\admins\\insert.php')
 3 SYSTEMPATH\View\View.php(229): CodeIgniter\View\View->CodeIgniter\View\{closure}()
 4 SYSTEMPATH\Common.php(1188): CodeIgniter\View\View->render('admins/insert', [], true)
 5 APPPATH\Controllers\AdminController.php(14): view('admins/insert')
 6 SYSTEMPATH\CodeIgniter.php(919): App\Controllers\AdminController->insert()
 7 SYSTEMPATH\CodeIgniter.php(494): CodeIgniter\CodeIgniter->runController(Object(App\Controllers\AdminController))
 8 SYSTEMPATH\CodeIgniter.php(353): CodeIgniter\CodeIgniter->handleRequest(null, Object(Config\Cache), false)
 9 FCPATH\index.php(79): CodeIgniter\CodeIgniter->run()
10 SYSTEMPATH\Commands\Server\rewrite.php(47): require_once('C:\\laragon\\www\\rence_3f3_lab3\\public\\index.php')
CRITICAL - 2023-09-28 18:44:29 --> Undefined variable $categories
in APPPATH\Views\admins\insert.php on line 24.
 1 APPPATH\Views\admins\insert.php(24): CodeIgniter\Debug\Exceptions->errorHandler(2, 'Undefined variable $categories', 'C:\\laragon\\www\\rence_3f3_lab3\\app\\Views\\admins\\insert.php', 24)
 2 SYSTEMPATH\View\View.php(226): include('C:\\laragon\\www\\rence_3f3_lab3\\app\\Views\\admins\\insert.php')
 3 SYSTEMPATH\View\View.php(229): CodeIgniter\View\View->CodeIgniter\View\{closure}()
 4 SYSTEMPATH\Common.php(1188): CodeIgniter\View\View->render('admins/insert', [], true)
 5 APPPATH\Controllers\AdminController.php(14): view('admins/insert')
 6 SYSTEMPATH\CodeIgniter.php(919): App\Controllers\AdminController->insert()
 7 SYSTEMPATH\CodeIgniter.php(494): CodeIgniter\CodeIgniter->runController(Object(App\Controllers\AdminController))
 8 SYSTEMPATH\CodeIgniter.php(353): CodeIgniter\CodeIgniter->handleRequest(null, Object(Config\Cache), false)
 9 FCPATH\index.php(79): CodeIgniter\CodeIgniter->run()
10 SYSTEMPATH\Commands\Server\rewrite.php(47): require_once('C:\\laragon\\www\\rence_3f3_lab3\\public\\index.php')
CRITICAL - 2023-09-28 18:49:25 --> Undefined variable $categories
in APPPATH\Views\admins\insert.php on line 24.
 1 APPPATH\Views\admins\insert.php(24): CodeIgniter\Debug\Exceptions->errorHandler(2, 'Undefined variable $categories', 'C:\\laragon\\www\\rence_3f3_lab3\\app\\Views\\admins\\insert.php', 24)
 2 SYSTEMPATH\View\View.php(226): include('C:\\laragon\\www\\rence_3f3_lab3\\app\\Views\\admins\\insert.php')
 3 SYSTEMPATH\View\View.php(229): CodeIgniter\View\View->CodeIgniter\View\{closure}()
 4 SYSTEMPATH\Common.php(1188): CodeIgniter\View\View->render('admins/insert', [], true)
 5 APPPATH\Controllers\AdminController.php(14): view('admins/insert')
 6 SYSTEMPATH\CodeIgniter.php(919): App\Controllers\AdminController->insert()
 7 SYSTEMPATH\CodeIgniter.php(494): CodeIgniter\CodeIgniter->runController(Object(App\Controllers\AdminController))
 8 SYSTEMPATH\CodeIgniter.php(353): CodeIgniter\CodeIgniter->handleRequest(null, Object(Config\Cache), false)
 9 FCPATH\index.php(79): CodeIgniter\CodeIgniter->run()
10 SYSTEMPATH\Commands\Server\rewrite.php(47): require_once('C:\\laragon\\www\\rence_3f3_lab3\\public\\index.php')
CRITICAL - 2023-09-28 18:49:26 --> Undefined variable $categories
in APPPATH\Views\admins\insert.php on line 24.
 1 APPPATH\Views\admins\insert.php(24): CodeIgniter\Debug\Exceptions->errorHandler(2, 'Undefined variable $categories', 'C:\\laragon\\www\\rence_3f3_lab3\\app\\Views\\admins\\insert.php', 24)
 2 SYSTEMPATH\View\View.php(226): include('C:\\laragon\\www\\rence_3f3_lab3\\app\\Views\\admins\\insert.php')
 3 SYSTEMPATH\View\View.php(229): CodeIgniter\View\View->CodeIgniter\View\{closure}()
 4 SYSTEMPATH\Common.php(1188): CodeIgniter\View\View->render('admins/insert', [], true)
 5 APPPATH\Controllers\AdminController.php(14): view('admins/insert')
 6 SYSTEMPATH\CodeIgniter.php(919): App\Controllers\AdminController->insert()
 7 SYSTEMPATH\CodeIgniter.php(494): CodeIgniter\CodeIgniter->runController(Object(App\Controllers\AdminController))
 8 SYSTEMPATH\CodeIgniter.php(353): CodeIgniter\CodeIgniter->handleRequest(null, Object(Config\Cache), false)
 9 FCPATH\index.php(79): CodeIgniter\CodeIgniter->run()
10 SYSTEMPATH\Commands\Server\rewrite.php(47): require_once('C:\\laragon\\www\\rence_3f3_lab3\\public\\index.php')
CRITICAL - 2023-09-28 18:49:26 --> Undefined variable $categories
in APPPATH\Views\admins\insert.php on line 24.
 1 APPPATH\Views\admins\insert.php(24): CodeIgniter\Debug\Exceptions->errorHandler(2, 'Undefined variable $categories', 'C:\\laragon\\www\\rence_3f3_lab3\\app\\Views\\admins\\insert.php', 24)
 2 SYSTEMPATH\View\View.php(226): include('C:\\laragon\\www\\rence_3f3_lab3\\app\\Views\\admins\\insert.php')
 3 SYSTEMPATH\View\View.php(229): CodeIgniter\View\View->CodeIgniter\View\{closure}()
 4 SYSTEMPATH\Common.php(1188): CodeIgniter\View\View->render('admins/insert', [], true)
 5 APPPATH\Controllers\AdminController.php(14): view('admins/insert')
 6 SYSTEMPATH\CodeIgniter.php(919): App\Controllers\AdminController->insert()
 7 SYSTEMPATH\CodeIgniter.php(494): CodeIgniter\CodeIgniter->runController(Object(App\Controllers\AdminController))
 8 SYSTEMPATH\CodeIgniter.php(353): CodeIgniter\CodeIgniter->handleRequest(null, Object(Config\Cache), false)
 9 FCPATH\index.php(79): CodeIgniter\CodeIgniter->run()
10 SYSTEMPATH\Commands\Server\rewrite.php(47): require_once('C:\\laragon\\www\\rence_3f3_lab3\\public\\index.php')
CRITICAL - 2023-09-28 18:49:26 --> Undefined variable $categories
in APPPATH\Views\admins\insert.php on line 24.
 1 APPPATH\Views\admins\insert.php(24): CodeIgniter\Debug\Exceptions->errorHandler(2, 'Undefined variable $categories', 'C:\\laragon\\www\\rence_3f3_lab3\\app\\Views\\admins\\insert.php', 24)
 2 SYSTEMPATH\View\View.php(226): include('C:\\laragon\\www\\rence_3f3_lab3\\app\\Views\\admins\\insert.php')
 3 SYSTEMPATH\View\View.php(229): CodeIgniter\View\View->CodeIgniter\View\{closure}()
 4 SYSTEMPATH\Common.php(1188): CodeIgniter\View\View->render('admins/insert', [], true)
 5 APPPATH\Controllers\AdminController.php(14): view('admins/insert')
 6 SYSTEMPATH\CodeIgniter.php(919): App\Controllers\AdminController->insert()
 7 SYSTEMPATH\CodeIgniter.php(494): CodeIgniter\CodeIgniter->runController(Object(App\Controllers\AdminController))
 8 SYSTEMPATH\CodeIgniter.php(353): CodeIgniter\CodeIgniter->handleRequest(null, Object(Config\Cache), false)
 9 FCPATH\index.php(79): CodeIgniter\CodeIgniter->run()
10 SYSTEMPATH\Commands\Server\rewrite.php(47): require_once('C:\\laragon\\www\\rence_3f3_lab3\\public\\index.php')
CRITICAL - 2023-09-28 18:49:26 --> Undefined variable $categories
in APPPATH\Views\admins\insert.php on line 24.
 1 APPPATH\Views\admins\insert.php(24): CodeIgniter\Debug\Exceptions->errorHandler(2, 'Undefined variable $categories', 'C:\\laragon\\www\\rence_3f3_lab3\\app\\Views\\admins\\insert.php', 24)
 2 SYSTEMPATH\View\View.php(226): include('C:\\laragon\\www\\rence_3f3_lab3\\app\\Views\\admins\\insert.php')
 3 SYSTEMPATH\View\View.php(229): CodeIgniter\View\View->CodeIgniter\View\{closure}()
 4 SYSTEMPATH\Common.php(1188): CodeIgniter\View\View->render('admins/insert', [], true)
 5 APPPATH\Controllers\AdminController.php(14): view('admins/insert')
 6 SYSTEMPATH\CodeIgniter.php(919): App\Controllers\AdminController->insert()
 7 SYSTEMPATH\CodeIgniter.php(494): CodeIgniter\CodeIgniter->runController(Object(App\Controllers\AdminController))
 8 SYSTEMPATH\CodeIgniter.php(353): CodeIgniter\CodeIgniter->handleRequest(null, Object(Config\Cache), false)
 9 FCPATH\index.php(79): CodeIgniter\CodeIgniter->run()
10 SYSTEMPATH\Commands\Server\rewrite.php(47): require_once('C:\\laragon\\www\\rence_3f3_lab3\\public\\index.php')
CRITICAL - 2023-09-28 18:53:47 --> Undefined variable $categories
in APPPATH\Views\admins\insert.php on line 24.
 1 APPPATH\Views\admins\insert.php(24): CodeIgniter\Debug\Exceptions->errorHandler(2, 'Undefined variable $categories', 'C:\\laragon\\www\\rence_3f3_lab3\\app\\Views\\admins\\insert.php', 24)
 2 SYSTEMPATH\View\View.php(226): include('C:\\laragon\\www\\rence_3f3_lab3\\app\\Views\\admins\\insert.php')
 3 SYSTEMPATH\View\View.php(229): CodeIgniter\View\View->CodeIgniter\View\{closure}()
 4 SYSTEMPATH\Common.php(1188): CodeIgniter\View\View->render('admins/insert', [], true)
 5 APPPATH\Controllers\AdminController.php(14): view('admins/insert')
 6 SYSTEMPATH\CodeIgniter.php(919): App\Controllers\AdminController->insert()
 7 SYSTEMPATH\CodeIgniter.php(494): CodeIgniter\CodeIgniter->runController(Object(App\Controllers\AdminController))
 8 SYSTEMPATH\CodeIgniter.php(353): CodeIgniter\CodeIgniter->handleRequest(null, Object(Config\Cache), false)
 9 FCPATH\index.php(79): CodeIgniter\CodeIgniter->run()
10 SYSTEMPATH\Commands\Server\rewrite.php(47): require_once('C:\\laragon\\www\\rence_3f3_lab3\\public\\index.php')
CRITICAL - 2023-09-28 18:54:23 --> Undefined variable $categories
in APPPATH\Views\admins\insert.php on line 24.
 1 APPPATH\Views\admins\insert.php(24): CodeIgniter\Debug\Exceptions->errorHandler(2, 'Undefined variable $categories', 'C:\\laragon\\www\\rence_3f3_lab3\\app\\Views\\admins\\insert.php', 24)
 2 SYSTEMPATH\View\View.php(226): include('C:\\laragon\\www\\rence_3f3_lab3\\app\\Views\\admins\\insert.php')
 3 SYSTEMPATH\View\View.php(229): CodeIgniter\View\View->CodeIgniter\View\{closure}()
 4 SYSTEMPATH\Common.php(1188): CodeIgniter\View\View->render('admins/insert', [], true)
 5 APPPATH\Controllers\AdminController.php(14): view('admins/insert')
 6 SYSTEMPATH\CodeIgniter.php(919): App\Controllers\AdminController->insert()
 7 SYSTEMPATH\CodeIgniter.php(494): CodeIgniter\CodeIgniter->runController(Object(App\Controllers\AdminController))
 8 SYSTEMPATH\CodeIgniter.php(353): CodeIgniter\CodeIgniter->handleRequest(null, Object(Config\Cache), false)
 9 FCPATH\index.php(79): CodeIgniter\CodeIgniter->run()
10 SYSTEMPATH\Commands\Server\rewrite.php(47): require_once('C:\\laragon\\www\\rence_3f3_lab3\\public\\index.php')
CRITICAL - 2023-09-28 18:54:25 --> Undefined variable $categories
in APPPATH\Views\admins\insert.php on line 24.
 1 APPPATH\Views\admins\insert.php(24): CodeIgniter\Debug\Exceptions->errorHandler(2, 'Undefined variable $categories', 'C:\\laragon\\www\\rence_3f3_lab3\\app\\Views\\admins\\insert.php', 24)
 2 SYSTEMPATH\View\View.php(226): include('C:\\laragon\\www\\rence_3f3_lab3\\app\\Views\\admins\\insert.php')
 3 SYSTEMPATH\View\View.php(229): CodeIgniter\View\View->CodeIgniter\View\{closure}()
 4 SYSTEMPATH\Common.php(1188): CodeIgniter\View\View->render('admins/insert', [], true)
 5 APPPATH\Controllers\AdminController.php(14): view('admins/insert')
 6 SYSTEMPATH\CodeIgniter.php(919): App\Controllers\AdminController->insert()
 7 SYSTEMPATH\CodeIgniter.php(494): CodeIgniter\CodeIgniter->runController(Object(App\Controllers\AdminController))
 8 SYSTEMPATH\CodeIgniter.php(353): CodeIgniter\CodeIgniter->handleRequest(null, Object(Config\Cache), false)
 9 FCPATH\index.php(79): CodeIgniter\CodeIgniter->run()
10 SYSTEMPATH\Commands\Server\rewrite.php(47): require_once('C:\\laragon\\www\\rence_3f3_lab3\\public\\index.php')
CRITICAL - 2023-09-28 18:54:25 --> Undefined variable $categories
in APPPATH\Views\admins\insert.php on line 24.
 1 APPPATH\Views\admins\insert.php(24): CodeIgniter\Debug\Exceptions->errorHandler(2, 'Undefined variable $categories', 'C:\\laragon\\www\\rence_3f3_lab3\\app\\Views\\admins\\insert.php', 24)
 2 SYSTEMPATH\View\View.php(226): include('C:\\laragon\\www\\rence_3f3_lab3\\app\\Views\\admins\\insert.php')
 3 SYSTEMPATH\View\View.php(229): CodeIgniter\View\View->CodeIgniter\View\{closure}()
 4 SYSTEMPATH\Common.php(1188): CodeIgniter\View\View->render('admins/insert', [], true)
 5 APPPATH\Controllers\AdminController.php(14): view('admins/insert')
 6 SYSTEMPATH\CodeIgniter.php(919): App\Controllers\AdminController->insert()
 7 SYSTEMPATH\CodeIgniter.php(494): CodeIgniter\CodeIgniter->runController(Object(App\Controllers\AdminController))
 8 SYSTEMPATH\CodeIgniter.php(353): CodeIgniter\CodeIgniter->handleRequest(null, Object(Config\Cache), false)
 9 FCPATH\index.php(79): CodeIgniter\CodeIgniter->run()
10 SYSTEMPATH\Commands\Server\rewrite.php(47): require_once('C:\\laragon\\www\\rence_3f3_lab3\\public\\index.php')
CRITICAL - 2023-09-28 18:57:01 --> Undefined variable $categories
in APPPATH\Views\admins\insert.php on line 24.
 1 APPPATH\Views\admins\insert.php(24): CodeIgniter\Debug\Exceptions->errorHandler(2, 'Undefined variable $categories', 'C:\\laragon\\www\\rence_3f3_lab3\\app\\Views\\admins\\insert.php', 24)
 2 SYSTEMPATH\View\View.php(226): include('C:\\laragon\\www\\rence_3f3_lab3\\app\\Views\\admins\\insert.php')
 3 SYSTEMPATH\View\View.php(229): CodeIgniter\View\View->CodeIgniter\View\{closure}()
 4 SYSTEMPATH\Common.php(1188): CodeIgniter\View\View->render('admins/insert', [], true)
 5 APPPATH\Controllers\AdminController.php(14): view('admins/insert')
 6 SYSTEMPATH\CodeIgniter.php(919): App\Controllers\AdminController->insert()
 7 SYSTEMPATH\CodeIgniter.php(494): CodeIgniter\CodeIgniter->runController(Object(App\Controllers\AdminController))
 8 SYSTEMPATH\CodeIgniter.php(353): CodeIgniter\CodeIgniter->handleRequest(null, Object(Config\Cache), false)
 9 FCPATH\index.php(79): CodeIgniter\CodeIgniter->run()
10 SYSTEMPATH\Commands\Server\rewrite.php(47): require_once('C:\\laragon\\www\\rence_3f3_lab3\\public\\index.php')
CRITICAL - 2023-09-28 19:00:03 --> Undefined variable $categories
in APPPATH\Views\admins\insert.php on line 24.
 1 APPPATH\Views\admins\insert.php(24): CodeIgniter\Debug\Exceptions->errorHandler(2, 'Undefined variable $categories', 'C:\\laragon\\www\\rence_3f3_lab3\\app\\Views\\admins\\insert.php', 24)
 2 SYSTEMPATH\View\View.php(226): include('C:\\laragon\\www\\rence_3f3_lab3\\app\\Views\\admins\\insert.php')
 3 SYSTEMPATH\View\View.php(229): CodeIgniter\View\View->CodeIgniter\View\{closure}()
 4 SYSTEMPATH\Common.php(1188): CodeIgniter\View\View->render('admins/insert', [], true)
 5 APPPATH\Controllers\AdminController.php(14): view('admins/insert')
 6 SYSTEMPATH\CodeIgniter.php(919): App\Controllers\AdminController->insert()
 7 SYSTEMPATH\CodeIgniter.php(494): CodeIgniter\CodeIgniter->runController(Object(App\Controllers\AdminController))
 8 SYSTEMPATH\CodeIgniter.php(353): CodeIgniter\CodeIgniter->handleRequest(null, Object(Config\Cache), false)
 9 FCPATH\index.php(79): CodeIgniter\CodeIgniter->run()
10 SYSTEMPATH\Commands\Server\rewrite.php(47): require_once('C:\\laragon\\www\\rence_3f3_lab3\\public\\index.php')
CRITICAL - 2023-09-28 19:00:59 --> Undefined variable $categories
in APPPATH\Views\admins\insert.php on line 24.
 1 APPPATH\Views\admins\insert.php(24): CodeIgniter\Debug\Exceptions->errorHandler(2, 'Undefined variable $categories', 'C:\\laragon\\www\\rence_3f3_lab3\\app\\Views\\admins\\insert.php', 24)
 2 SYSTEMPATH\View\View.php(226): include('C:\\laragon\\www\\rence_3f3_lab3\\app\\Views\\admins\\insert.php')
 3 SYSTEMPATH\View\View.php(229): CodeIgniter\View\View->CodeIgniter\View\{closure}()
 4 SYSTEMPATH\Common.php(1188): CodeIgniter\View\View->render('admins/insert', [], true)
 5 APPPATH\Controllers\AdminController.php(14): view('admins/insert')
 6 SYSTEMPATH\CodeIgniter.php(919): App\Controllers\AdminController->insert()
 7 SYSTEMPATH\CodeIgniter.php(494): CodeIgniter\CodeIgniter->runController(Object(App\Controllers\AdminController))
 8 SYSTEMPATH\CodeIgniter.php(353): CodeIgniter\CodeIgniter->handleRequest(null, Object(Config\Cache), false)
 9 FCPATH\index.php(79): CodeIgniter\CodeIgniter->run()
10 SYSTEMPATH\Commands\Server\rewrite.php(47): require_once('C:\\laragon\\www\\rence_3f3_lab3\\public\\index.php')
CRITICAL - 2023-09-28 19:01:00 --> Undefined variable $categories
in APPPATH\Views\admins\insert.php on line 24.
 1 APPPATH\Views\admins\insert.php(24): CodeIgniter\Debug\Exceptions->errorHandler(2, 'Undefined variable $categories', 'C:\\laragon\\www\\rence_3f3_lab3\\app\\Views\\admins\\insert.php', 24)
 2 SYSTEMPATH\View\View.php(226): include('C:\\laragon\\www\\rence_3f3_lab3\\app\\Views\\admins\\insert.php')
 3 SYSTEMPATH\View\View.php(229): CodeIgniter\View\View->CodeIgniter\View\{closure}()
 4 SYSTEMPATH\Common.php(1188): CodeIgniter\View\View->render('admins/insert', [], true)
 5 APPPATH\Controllers\AdminController.php(14): view('admins/insert')
 6 SYSTEMPATH\CodeIgniter.php(919): App\Controllers\AdminController->insert()
 7 SYSTEMPATH\CodeIgniter.php(494): CodeIgniter\CodeIgniter->runController(Object(App\Controllers\AdminController))
 8 SYSTEMPATH\CodeIgniter.php(353): CodeIgniter\CodeIgniter->handleRequest(null, Object(Config\Cache), false)
 9 FCPATH\index.php(79): CodeIgniter\CodeIgniter->run()
10 SYSTEMPATH\Commands\Server\rewrite.php(47): require_once('C:\\laragon\\www\\rence_3f3_lab3\\public\\index.php')
CRITICAL - 2023-09-28 19:01:00 --> Undefined variable $categories
in APPPATH\Views\admins\insert.php on line 24.
 1 APPPATH\Views\admins\insert.php(24): CodeIgniter\Debug\Exceptions->errorHandler(2, 'Undefined variable $categories', 'C:\\laragon\\www\\rence_3f3_lab3\\app\\Views\\admins\\insert.php', 24)
 2 SYSTEMPATH\View\View.php(226): include('C:\\laragon\\www\\rence_3f3_lab3\\app\\Views\\admins\\insert.php')
 3 SYSTEMPATH\View\View.php(229): CodeIgniter\View\View->CodeIgniter\View\{closure}()
 4 SYSTEMPATH\Common.php(1188): CodeIgniter\View\View->render('admins/insert', [], true)
 5 APPPATH\Controllers\AdminController.php(14): view('admins/insert')
 6 SYSTEMPATH\CodeIgniter.php(919): App\Controllers\AdminController->insert()
 7 SYSTEMPATH\CodeIgniter.php(494): CodeIgniter\CodeIgniter->runController(Object(App\Controllers\AdminController))
 8 SYSTEMPATH\CodeIgniter.php(353): CodeIgniter\CodeIgniter->handleRequest(null, Object(Config\Cache), false)
 9 FCPATH\index.php(79): CodeIgniter\CodeIgniter->run()
10 SYSTEMPATH\Commands\Server\rewrite.php(47): require_once('C:\\laragon\\www\\rence_3f3_lab3\\public\\index.php')
CRITICAL - 2023-09-28 19:01:00 --> Undefined variable $categories
in APPPATH\Views\admins\insert.php on line 24.
 1 APPPATH\Views\admins\insert.php(24): CodeIgniter\Debug\Exceptions->errorHandler(2, 'Undefined variable $categories', 'C:\\laragon\\www\\rence_3f3_lab3\\app\\Views\\admins\\insert.php', 24)
 2 SYSTEMPATH\View\View.php(226): include('C:\\laragon\\www\\rence_3f3_lab3\\app\\Views\\admins\\insert.php')
 3 SYSTEMPATH\View\View.php(229): CodeIgniter\View\View->CodeIgniter\View\{closure}()
 4 SYSTEMPATH\Common.php(1188): CodeIgniter\View\View->render('admins/insert', [], true)
 5 APPPATH\Controllers\AdminController.php(14): view('admins/insert')
 6 SYSTEMPATH\CodeIgniter.php(919): App\Controllers\AdminController->insert()
 7 SYSTEMPATH\CodeIgniter.php(494): CodeIgniter\CodeIgniter->runController(Object(App\Controllers\AdminController))
 8 SYSTEMPATH\CodeIgniter.php(353): CodeIgniter\CodeIgniter->handleRequest(null, Object(Config\Cache), false)
 9 FCPATH\index.php(79): CodeIgniter\CodeIgniter->run()
10 SYSTEMPATH\Commands\Server\rewrite.php(47): require_once('C:\\laragon\\www\\rence_3f3_lab3\\public\\index.php')
CRITICAL - 2023-09-28 19:01:01 --> Undefined variable $categories
in APPPATH\Views\admins\insert.php on line 24.
 1 APPPATH\Views\admins\insert.php(24): CodeIgniter\Debug\Exceptions->errorHandler(2, 'Undefined variable $categories', 'C:\\laragon\\www\\rence_3f3_lab3\\app\\Views\\admins\\insert.php', 24)
 2 SYSTEMPATH\View\View.php(226): include('C:\\laragon\\www\\rence_3f3_lab3\\app\\Views\\admins\\insert.php')
 3 SYSTEMPATH\View\View.php(229): CodeIgniter\View\View->CodeIgniter\View\{closure}()
 4 SYSTEMPATH\Common.php(1188): CodeIgniter\View\View->render('admins/insert', [], true)
 5 APPPATH\Controllers\AdminController.php(14): view('admins/insert')
 6 SYSTEMPATH\CodeIgniter.php(919): App\Controllers\AdminController->insert()
 7 SYSTEMPATH\CodeIgniter.php(494): CodeIgniter\CodeIgniter->runController(Object(App\Controllers\AdminController))
 8 SYSTEMPATH\CodeIgniter.php(353): CodeIgniter\CodeIgniter->handleRequest(null, Object(Config\Cache), false)
 9 FCPATH\index.php(79): CodeIgniter\CodeIgniter->run()
10 SYSTEMPATH\Commands\Server\rewrite.php(47): require_once('C:\\laragon\\www\\rence_3f3_lab3\\public\\index.php')
CRITICAL - 2023-09-28 19:01:31 --> Undefined variable $categories
in APPPATH\Views\admins\insert.php on line 24.
 1 APPPATH\Views\admins\insert.php(24): CodeIgniter\Debug\Exceptions->errorHandler(2, 'Undefined variable $categories', 'C:\\laragon\\www\\rence_3f3_lab3\\app\\Views\\admins\\insert.php', 24)
 2 SYSTEMPATH\View\View.php(226): include('C:\\laragon\\www\\rence_3f3_lab3\\app\\Views\\admins\\insert.php')
 3 SYSTEMPATH\View\View.php(229): CodeIgniter\View\View->CodeIgniter\View\{closure}()
 4 SYSTEMPATH\Common.php(1188): CodeIgniter\View\View->render('admins/insert', [], true)
 5 APPPATH\Controllers\AdminController.php(14): view('admins/insert')
 6 SYSTEMPATH\CodeIgniter.php(919): App\Controllers\AdminController->insert()
 7 SYSTEMPATH\CodeIgniter.php(494): CodeIgniter\CodeIgniter->runController(Object(App\Controllers\AdminController))
 8 SYSTEMPATH\CodeIgniter.php(353): CodeIgniter\CodeIgniter->handleRequest(null, Object(Config\Cache), false)
 9 FCPATH\index.php(79): CodeIgniter\CodeIgniter->run()
10 SYSTEMPATH\Commands\Server\rewrite.php(47): require_once('C:\\laragon\\www\\rence_3f3_lab3\\public\\index.php')
CRITICAL - 2023-09-28 19:01:39 --> Undefined variable $categories
in APPPATH\Views\admins\insert.php on line 24.
 1 APPPATH\Views\admins\insert.php(24): CodeIgniter\Debug\Exceptions->errorHandler(2, 'Undefined variable $categories', 'C:\\laragon\\www\\rence_3f3_lab3\\app\\Views\\admins\\insert.php', 24)
 2 SYSTEMPATH\View\View.php(226): include('C:\\laragon\\www\\rence_3f3_lab3\\app\\Views\\admins\\insert.php')
 3 SYSTEMPATH\View\View.php(229): CodeIgniter\View\View->CodeIgniter\View\{closure}()
 4 SYSTEMPATH\Common.php(1188): CodeIgniter\View\View->render('admins/insert', [], true)
 5 APPPATH\Controllers\AdminController.php(14): view('admins/insert')
 6 SYSTEMPATH\CodeIgniter.php(919): App\Controllers\AdminController->insert()
 7 SYSTEMPATH\CodeIgniter.php(494): CodeIgniter\CodeIgniter->runController(Object(App\Controllers\AdminController))
 8 SYSTEMPATH\CodeIgniter.php(353): CodeIgniter\CodeIgniter->handleRequest(null, Object(Config\Cache), false)
 9 FCPATH\index.php(79): CodeIgniter\CodeIgniter->run()
10 SYSTEMPATH\Commands\Server\rewrite.php(47): require_once('C:\\laragon\\www\\rence_3f3_lab3\\public\\index.php')
CRITICAL - 2023-09-28 19:03:29 --> Undefined variable $categories
in APPPATH\Views\admins\insert.php on line 24.
 1 APPPATH\Views\admins\insert.php(24): CodeIgniter\Debug\Exceptions->errorHandler(2, 'Undefined variable $categories', 'C:\\laragon\\www\\rence_3f3_lab3\\app\\Views\\admins\\insert.php', 24)
 2 SYSTEMPATH\View\View.php(226): include('C:\\laragon\\www\\rence_3f3_lab3\\app\\Views\\admins\\insert.php')
 3 SYSTEMPATH\View\View.php(229): CodeIgniter\View\View->CodeIgniter\View\{closure}()
 4 SYSTEMPATH\Common.php(1188): CodeIgniter\View\View->render('admins/insert', [], true)
 5 APPPATH\Controllers\AdminController.php(14): view('admins/insert')
 6 SYSTEMPATH\CodeIgniter.php(919): App\Controllers\AdminController->insert()
 7 SYSTEMPATH\CodeIgniter.php(494): CodeIgniter\CodeIgniter->runController(Object(App\Controllers\AdminController))
 8 SYSTEMPATH\CodeIgniter.php(353): CodeIgniter\CodeIgniter->handleRequest(null, Object(Config\Cache), false)
 9 FCPATH\index.php(79): CodeIgniter\CodeIgniter->run()
10 SYSTEMPATH\Commands\Server\rewrite.php(47): require_once('C:\\laragon\\www\\rence_3f3_lab3\\public\\index.php')
CRITICAL - 2023-09-28 19:03:30 --> Undefined variable $categories
in APPPATH\Views\admins\insert.php on line 24.
 1 APPPATH\Views\admins\insert.php(24): CodeIgniter\Debug\Exceptions->errorHandler(2, 'Undefined variable $categories', 'C:\\laragon\\www\\rence_3f3_lab3\\app\\Views\\admins\\insert.php', 24)
 2 SYSTEMPATH\View\View.php(226): include('C:\\laragon\\www\\rence_3f3_lab3\\app\\Views\\admins\\insert.php')
 3 SYSTEMPATH\View\View.php(229): CodeIgniter\View\View->CodeIgniter\View\{closure}()
 4 SYSTEMPATH\Common.php(1188): CodeIgniter\View\View->render('admins/insert', [], true)
 5 APPPATH\Controllers\AdminController.php(14): view('admins/insert')
 6 SYSTEMPATH\CodeIgniter.php(919): App\Controllers\AdminController->insert()
 7 SYSTEMPATH\CodeIgniter.php(494): CodeIgniter\CodeIgniter->runController(Object(App\Controllers\AdminController))
 8 SYSTEMPATH\CodeIgniter.php(353): CodeIgniter\CodeIgniter->handleRequest(null, Object(Config\Cache), false)
 9 FCPATH\index.php(79): CodeIgniter\CodeIgniter->run()
10 SYSTEMPATH\Commands\Server\rewrite.php(47): require_once('C:\\laragon\\www\\rence_3f3_lab3\\public\\index.php')
CRITICAL - 2023-09-28 19:03:30 --> Undefined variable $categories
in APPPATH\Views\admins\insert.php on line 24.
 1 APPPATH\Views\admins\insert.php(24): CodeIgniter\Debug\Exceptions->errorHandler(2, 'Undefined variable $categories', 'C:\\laragon\\www\\rence_3f3_lab3\\app\\Views\\admins\\insert.php', 24)
 2 SYSTEMPATH\View\View.php(226): include('C:\\laragon\\www\\rence_3f3_lab3\\app\\Views\\admins\\insert.php')
 3 SYSTEMPATH\View\View.php(229): CodeIgniter\View\View->CodeIgniter\View\{closure}()
 4 SYSTEMPATH\Common.php(1188): CodeIgniter\View\View->render('admins/insert', [], true)
 5 APPPATH\Controllers\AdminController.php(14): view('admins/insert')
 6 SYSTEMPATH\CodeIgniter.php(919): App\Controllers\AdminController->insert()
 7 SYSTEMPATH\CodeIgniter.php(494): CodeIgniter\CodeIgniter->runController(Object(App\Controllers\AdminController))
 8 SYSTEMPATH\CodeIgniter.php(353): CodeIgniter\CodeIgniter->handleRequest(null, Object(Config\Cache), false)
 9 FCPATH\index.php(79): CodeIgniter\CodeIgniter->run()
10 SYSTEMPATH\Commands\Server\rewrite.php(47): require_once('C:\\laragon\\www\\rence_3f3_lab3\\public\\index.php')
CRITICAL - 2023-09-28 19:03:30 --> Undefined variable $categories
in APPPATH\Views\admins\insert.php on line 24.
 1 APPPATH\Views\admins\insert.php(24): CodeIgniter\Debug\Exceptions->errorHandler(2, 'Undefined variable $categories', 'C:\\laragon\\www\\rence_3f3_lab3\\app\\Views\\admins\\insert.php', 24)
 2 SYSTEMPATH\View\View.php(226): include('C:\\laragon\\www\\rence_3f3_lab3\\app\\Views\\admins\\insert.php')
 3 SYSTEMPATH\View\View.php(229): CodeIgniter\View\View->CodeIgniter\View\{closure}()
 4 SYSTEMPATH\Common.php(1188): CodeIgniter\View\View->render('admins/insert', [], true)
 5 APPPATH\Controllers\AdminController.php(14): view('admins/insert')
 6 SYSTEMPATH\CodeIgniter.php(919): App\Controllers\AdminController->insert()
 7 SYSTEMPATH\CodeIgniter.php(494): CodeIgniter\CodeIgniter->runController(Object(App\Controllers\AdminController))
 8 SYSTEMPATH\CodeIgniter.php(353): CodeIgniter\CodeIgniter->handleRequest(null, Object(Config\Cache), false)
 9 FCPATH\index.php(79): CodeIgniter\CodeIgniter->run()
10 SYSTEMPATH\Commands\Server\rewrite.php(47): require_once('C:\\laragon\\www\\rence_3f3_lab3\\public\\index.php')
CRITICAL - 2023-09-28 19:05:48 --> Undefined variable $categories
in APPPATH\Views\admins\insert.php on line 24.
 1 APPPATH\Views\admins\insert.php(24): CodeIgniter\Debug\Exceptions->errorHandler(2, 'Undefined variable $categories', 'C:\\laragon\\www\\rence_3f3_lab3\\app\\Views\\admins\\insert.php', 24)
 2 SYSTEMPATH\View\View.php(226): include('C:\\laragon\\www\\rence_3f3_lab3\\app\\Views\\admins\\insert.php')
 3 SYSTEMPATH\View\View.php(229): CodeIgniter\View\View->CodeIgniter\View\{closure}()
 4 SYSTEMPATH\Common.php(1188): CodeIgniter\View\View->render('admins/insert', [], true)
 5 APPPATH\Controllers\AdminController.php(14): view('admins/insert')
 6 SYSTEMPATH\CodeIgniter.php(919): App\Controllers\AdminController->insert()
 7 SYSTEMPATH\CodeIgniter.php(494): CodeIgniter\CodeIgniter->runController(Object(App\Controllers\AdminController))
 8 SYSTEMPATH\CodeIgniter.php(353): CodeIgniter\CodeIgniter->handleRequest(null, Object(Config\Cache), false)
 9 FCPATH\index.php(79): CodeIgniter\CodeIgniter->run()
10 SYSTEMPATH\Commands\Server\rewrite.php(47): require_once('C:\\laragon\\www\\rence_3f3_lab3\\public\\index.php')
CRITICAL - 2023-09-28 19:12:59 --> Undefined variable $categories
in APPPATH\Views\admins\insert.php on line 24.
 1 APPPATH\Views\admins\insert.php(24): CodeIgniter\Debug\Exceptions->errorHandler(2, 'Undefined variable $categories', 'C:\\laragon\\www\\rence_3f3_lab3\\app\\Views\\admins\\insert.php', 24)
 2 SYSTEMPATH\View\View.php(226): include('C:\\laragon\\www\\rence_3f3_lab3\\app\\Views\\admins\\insert.php')
 3 SYSTEMPATH\View\View.php(229): CodeIgniter\View\View->CodeIgniter\View\{closure}()
 4 SYSTEMPATH\Common.php(1188): CodeIgniter\View\View->render('admins/insert', [], true)
 5 APPPATH\Controllers\AdminController.php(14): view('admins/insert')
 6 SYSTEMPATH\CodeIgniter.php(919): App\Controllers\AdminController->insert()
 7 SYSTEMPATH\CodeIgniter.php(494): CodeIgniter\CodeIgniter->runController(Object(App\Controllers\AdminController))
 8 SYSTEMPATH\CodeIgniter.php(353): CodeIgniter\CodeIgniter->handleRequest(null, Object(Config\Cache), false)
 9 FCPATH\index.php(79): CodeIgniter\CodeIgniter->run()
10 SYSTEMPATH\Commands\Server\rewrite.php(47): require_once('C:\\laragon\\www\\rence_3f3_lab3\\public\\index.php')
CRITICAL - 2023-09-28 19:13:00 --> Undefined variable $categories
in APPPATH\Views\admins\insert.php on line 24.
 1 APPPATH\Views\admins\insert.php(24): CodeIgniter\Debug\Exceptions->errorHandler(2, 'Undefined variable $categories', 'C:\\laragon\\www\\rence_3f3_lab3\\app\\Views\\admins\\insert.php', 24)
 2 SYSTEMPATH\View\View.php(226): include('C:\\laragon\\www\\rence_3f3_lab3\\app\\Views\\admins\\insert.php')
 3 SYSTEMPATH\View\View.php(229): CodeIgniter\View\View->CodeIgniter\View\{closure}()
 4 SYSTEMPATH\Common.php(1188): CodeIgniter\View\View->render('admins/insert', [], true)
 5 APPPATH\Controllers\AdminController.php(14): view('admins/insert')
 6 SYSTEMPATH\CodeIgniter.php(919): App\Controllers\AdminController->insert()
 7 SYSTEMPATH\CodeIgniter.php(494): CodeIgniter\CodeIgniter->runController(Object(App\Controllers\AdminController))
 8 SYSTEMPATH\CodeIgniter.php(353): CodeIgniter\CodeIgniter->handleRequest(null, Object(Config\Cache), false)
 9 FCPATH\index.php(79): CodeIgniter\CodeIgniter->run()
10 SYSTEMPATH\Commands\Server\rewrite.php(47): require_once('C:\\laragon\\www\\rence_3f3_lab3\\public\\index.php')
CRITICAL - 2023-09-28 19:13:27 --> Undefined variable $categories
in APPPATH\Views\admins\insert.php on line 24.
 1 APPPATH\Views\admins\insert.php(24): CodeIgniter\Debug\Exceptions->errorHandler(2, 'Undefined variable $categories', 'C:\\laragon\\www\\rence_3f3_lab3\\app\\Views\\admins\\insert.php', 24)
 2 SYSTEMPATH\View\View.php(226): include('C:\\laragon\\www\\rence_3f3_lab3\\app\\Views\\admins\\insert.php')
 3 SYSTEMPATH\View\View.php(229): CodeIgniter\View\View->CodeIgniter\View\{closure}()
 4 SYSTEMPATH\Common.php(1188): CodeIgniter\View\View->render('admins/insert', [], true)
 5 APPPATH\Controllers\AdminController.php(14): view('admins/insert')
 6 SYSTEMPATH\CodeIgniter.php(919): App\Controllers\AdminController->insert()
 7 SYSTEMPATH\CodeIgniter.php(494): CodeIgniter\CodeIgniter->runController(Object(App\Controllers\AdminController))
 8 SYSTEMPATH\CodeIgniter.php(353): CodeIgniter\CodeIgniter->handleRequest(null, Object(Config\Cache), false)
 9 FCPATH\index.php(79): CodeIgniter\CodeIgniter->run()
10 SYSTEMPATH\Commands\Server\rewrite.php(47): require_once('C:\\laragon\\www\\rence_3f3_lab3\\public\\index.php')
CRITICAL - 2023-09-28 19:16:57 --> Undefined variable $categories
in APPPATH\Views\admins\insert.php on line 24.
 1 APPPATH\Views\admins\insert.php(24): CodeIgniter\Debug\Exceptions->errorHandler(2, 'Undefined variable $categories', 'C:\\laragon\\www\\rence_3f3_lab3\\app\\Views\\admins\\insert.php', 24)
 2 SYSTEMPATH\View\View.php(226): include('C:\\laragon\\www\\rence_3f3_lab3\\app\\Views\\admins\\insert.php')
 3 SYSTEMPATH\View\View.php(229): CodeIgniter\View\View->CodeIgniter\View\{closure}()
 4 SYSTEMPATH\Common.php(1188): CodeIgniter\View\View->render('admins/insert', [], true)
 5 APPPATH\Controllers\AdminController.php(14): view('admins/insert')
 6 SYSTEMPATH\CodeIgniter.php(919): App\Controllers\AdminController->insert()
 7 SYSTEMPATH\CodeIgniter.php(494): CodeIgniter\CodeIgniter->runController(Object(App\Controllers\AdminController))
 8 SYSTEMPATH\CodeIgniter.php(353): CodeIgniter\CodeIgniter->handleRequest(null, Object(Config\Cache), false)
 9 FCPATH\index.php(79): CodeIgniter\CodeIgniter->run()
10 SYSTEMPATH\Commands\Server\rewrite.php(47): require_once('C:\\laragon\\www\\rence_3f3_lab3\\public\\index.php')
CRITICAL - 2023-09-28 19:19:57 --> Call to undefined method App\Models\ProductModel::insertproduct
in SYSTEMPATH\Model.php on line 873.
 1 APPPATH\Controllers\AdminController.php(26): CodeIgniter\Model->__call('insertproduct', [...])
 2 SYSTEMPATH\CodeIgniter.php(919): App\Controllers\AdminController->insert_Prod()
 3 SYSTEMPATH\CodeIgniter.php(494): CodeIgniter\CodeIgniter->runController(Object(App\Controllers\AdminController))
 4 SYSTEMPATH\CodeIgniter.php(353): CodeIgniter\CodeIgniter->handleRequest(null, Object(Config\Cache), false)
 5 FCPATH\index.php(79): CodeIgniter\CodeIgniter->run()
 6 SYSTEMPATH\Commands\Server\rewrite.php(47): require_once('C:\\laragon\\www\\rence_3f3_lab3\\public\\index.php')
CRITICAL - 2023-09-28 19:44:48 --> Undefined variable $product
in APPPATH\Views\include\shop.php on line 201.
 1 APPPATH\Views\include\shop.php(201): CodeIgniter\Debug\Exceptions->errorHandler(2, 'Undefined variable $product', 'C:\\laragon\\www\\rence_3f3_lab3\\app\\Views\\include\\shop.php', 201)
 2 SYSTEMPATH\View\View.php(226): include('C:\\laragon\\www\\rence_3f3_lab3\\app\\Views\\include\\shop.php')
 3 SYSTEMPATH\View\View.php(229): CodeIgniter\View\View->CodeIgniter\View\{closure}()
 4 SYSTEMPATH\Common.php(1188): CodeIgniter\View\View->render('include/shop', [], true)
 5 APPPATH\Config\Routes.php(10): view('include/shop')
 6 SYSTEMPATH\CodeIgniter.php(868): CodeIgniter\Router\RouteCollection->{closure}()
 7 SYSTEMPATH\CodeIgniter.php(481): CodeIgniter\CodeIgniter->startController()
 8 SYSTEMPATH\CodeIgniter.php(353): CodeIgniter\CodeIgniter->handleRequest(null, Object(Config\Cache), false)
 9 FCPATH\index.php(79): CodeIgniter\CodeIgniter->run()
10 SYSTEMPATH\Commands\Server\rewrite.php(47): require_once('C:\\laragon\\www\\rence_3f3_lab3\\public\\index.php')
CRITICAL - 2023-09-28 19:45:19 --> Undefined variable $product
in APPPATH\Views\include\shop.php on line 201.
 1 APPPATH\Views\include\shop.php(201): CodeIgniter\Debug\Exceptions->errorHandler(2, 'Undefined variable $product', 'C:\\laragon\\www\\rence_3f3_lab3\\app\\Views\\include\\shop.php', 201)
 2 SYSTEMPATH\View\View.php(226): include('C:\\laragon\\www\\rence_3f3_lab3\\app\\Views\\include\\shop.php')
 3 SYSTEMPATH\View\View.php(229): CodeIgniter\View\View->CodeIgniter\View\{closure}()
 4 SYSTEMPATH\Common.php(1188): CodeIgniter\View\View->render('include/shop', [], true)
 5 APPPATH\Config\Routes.php(10): view('include/shop')
 6 SYSTEMPATH\CodeIgniter.php(868): CodeIgniter\Router\RouteCollection->{closure}()
 7 SYSTEMPATH\CodeIgniter.php(481): CodeIgniter\CodeIgniter->startController()
 8 SYSTEMPATH\CodeIgniter.php(353): CodeIgniter\CodeIgniter->handleRequest(null, Object(Config\Cache), false)
 9 FCPATH\index.php(79): CodeIgniter\CodeIgniter->run()
10 SYSTEMPATH\Commands\Server\rewrite.php(47): require_once('C:\\laragon\\www\\rence_3f3_lab3\\public\\index.php')
CRITICAL - 2023-09-28 19:45:20 --> Undefined variable $product
in APPPATH\Views\include\shop.php on line 201.
 1 APPPATH\Views\include\shop.php(201): CodeIgniter\Debug\Exceptions->errorHandler(2, 'Undefined variable $product', 'C:\\laragon\\www\\rence_3f3_lab3\\app\\Views\\include\\shop.php', 201)
 2 SYSTEMPATH\View\View.php(226): include('C:\\laragon\\www\\rence_3f3_lab3\\app\\Views\\include\\shop.php')
 3 SYSTEMPATH\View\View.php(229): CodeIgniter\View\View->CodeIgniter\View\{closure}()
 4 SYSTEMPATH\Common.php(1188): CodeIgniter\View\View->render('include/shop', [], true)
 5 APPPATH\Config\Routes.php(10): view('include/shop')
 6 SYSTEMPATH\CodeIgniter.php(868): CodeIgniter\Router\RouteCollection->{closure}()
 7 SYSTEMPATH\CodeIgniter.php(481): CodeIgniter\CodeIgniter->startController()
 8 SYSTEMPATH\CodeIgniter.php(353): CodeIgniter\CodeIgniter->handleRequest(null, Object(Config\Cache), false)
 9 FCPATH\index.php(79): CodeIgniter\CodeIgniter->run()
10 SYSTEMPATH\Commands\Server\rewrite.php(47): require_once('C:\\laragon\\www\\rence_3f3_lab3\\public\\index.php')
CRITICAL - 2023-09-28 19:45:20 --> Undefined variable $product
in APPPATH\Views\include\shop.php on line 201.
 1 APPPATH\Views\include\shop.php(201): CodeIgniter\Debug\Exceptions->errorHandler(2, 'Undefined variable $product', 'C:\\laragon\\www\\rence_3f3_lab3\\app\\Views\\include\\shop.php', 201)
 2 SYSTEMPATH\View\View.php(226): include('C:\\laragon\\www\\rence_3f3_lab3\\app\\Views\\include\\shop.php')
 3 SYSTEMPATH\View\View.php(229): CodeIgniter\View\View->CodeIgniter\View\{closure}()
 4 SYSTEMPATH\Common.php(1188): CodeIgniter\View\View->render('include/shop', [], true)
 5 APPPATH\Config\Routes.php(10): view('include/shop')
 6 SYSTEMPATH\CodeIgniter.php(868): CodeIgniter\Router\RouteCollection->{closure}()
 7 SYSTEMPATH\CodeIgniter.php(481): CodeIgniter\CodeIgniter->startController()
 8 SYSTEMPATH\CodeIgniter.php(353): CodeIgniter\CodeIgniter->handleRequest(null, Object(Config\Cache), false)
 9 FCPATH\index.php(79): CodeIgniter\CodeIgniter->run()
10 SYSTEMPATH\Commands\Server\rewrite.php(47): require_once('C:\\laragon\\www\\rence_3f3_lab3\\public\\index.php')
CRITICAL - 2023-09-28 19:45:45 --> Undefined variable $product
in APPPATH\Views\include\shop.php on line 201.
 1 APPPATH\Views\include\shop.php(201): CodeIgniter\Debug\Exceptions->errorHandler(2, 'Undefined variable $product', 'C:\\laragon\\www\\rence_3f3_lab3\\app\\Views\\include\\shop.php', 201)
 2 SYSTEMPATH\View\View.php(226): include('C:\\laragon\\www\\rence_3f3_lab3\\app\\Views\\include\\shop.php')
 3 SYSTEMPATH\View\View.php(229): CodeIgniter\View\View->CodeIgniter\View\{closure}()
 4 SYSTEMPATH\Common.php(1188): CodeIgniter\View\View->render('include/shop', [], true)
 5 APPPATH\Config\Routes.php(10): view('include/shop')
 6 SYSTEMPATH\CodeIgniter.php(868): CodeIgniter\Router\RouteCollection->{closure}()
 7 SYSTEMPATH\CodeIgniter.php(481): CodeIgniter\CodeIgniter->startController()
 8 SYSTEMPATH\CodeIgniter.php(353): CodeIgniter\CodeIgniter->handleRequest(null, Object(Config\Cache), false)
 9 FCPATH\index.php(79): CodeIgniter\CodeIgniter->run()
10 SYSTEMPATH\Commands\Server\rewrite.php(47): require_once('C:\\laragon\\www\\rence_3f3_lab3\\public\\index.php')
CRITICAL - 2023-09-28 19:45:45 --> Undefined variable $product
in APPPATH\Views\include\shop.php on line 201.
 1 APPPATH\Views\include\shop.php(201): CodeIgniter\Debug\Exceptions->errorHandler(2, 'Undefined variable $product', 'C:\\laragon\\www\\rence_3f3_lab3\\app\\Views\\include\\shop.php', 201)
 2 SYSTEMPATH\View\View.php(226): include('C:\\laragon\\www\\rence_3f3_lab3\\app\\Views\\include\\shop.php')
 3 SYSTEMPATH\View\View.php(229): CodeIgniter\View\View->CodeIgniter\View\{closure}()
 4 SYSTEMPATH\Common.php(1188): CodeIgniter\View\View->render('include/shop', [], true)
 5 APPPATH\Config\Routes.php(10): view('include/shop')
 6 SYSTEMPATH\CodeIgniter.php(868): CodeIgniter\Router\RouteCollection->{closure}()
 7 SYSTEMPATH\CodeIgniter.php(481): CodeIgniter\CodeIgniter->startController()
 8 SYSTEMPATH\CodeIgniter.php(353): CodeIgniter\CodeIgniter->handleRequest(null, Object(Config\Cache), false)
 9 FCPATH\index.php(79): CodeIgniter\CodeIgniter->run()
10 SYSTEMPATH\Commands\Server\rewrite.php(47): require_once('C:\\laragon\\www\\rence_3f3_lab3\\public\\index.php')
CRITICAL - 2023-09-28 19:45:45 --> Undefined variable $product
in APPPATH\Views\include\shop.php on line 201.
 1 APPPATH\Views\include\shop.php(201): CodeIgniter\Debug\Exceptions->errorHandler(2, 'Undefined variable $product', 'C:\\laragon\\www\\rence_3f3_lab3\\app\\Views\\include\\shop.php', 201)
 2 SYSTEMPATH\View\View.php(226): include('C:\\laragon\\www\\rence_3f3_lab3\\app\\Views\\include\\shop.php')
 3 SYSTEMPATH\View\View.php(229): CodeIgniter\View\View->CodeIgniter\View\{closure}()
 4 SYSTEMPATH\Common.php(1188): CodeIgniter\View\View->render('include/shop', [], true)
 5 APPPATH\Config\Routes.php(10): view('include/shop')
 6 SYSTEMPATH\CodeIgniter.php(868): CodeIgniter\Router\RouteCollection->{closure}()
 7 SYSTEMPATH\CodeIgniter.php(481): CodeIgniter\CodeIgniter->startController()
 8 SYSTEMPATH\CodeIgniter.php(353): CodeIgniter\CodeIgniter->handleRequest(null, Object(Config\Cache), false)
 9 FCPATH\index.php(79): CodeIgniter\CodeIgniter->run()
10 SYSTEMPATH\Commands\Server\rewrite.php(47): require_once('C:\\laragon\\www\\rence_3f3_lab3\\public\\index.php')
CRITICAL - 2023-09-28 19:46:11 --> Undefined variable $product
in APPPATH\Views\include\shop.php on line 201.
 1 APPPATH\Views\include\shop.php(201): CodeIgniter\Debug\Exceptions->errorHandler(2, 'Undefined variable $product', 'C:\\laragon\\www\\rence_3f3_lab3\\app\\Views\\include\\shop.php', 201)
 2 SYSTEMPATH\View\View.php(226): include('C:\\laragon\\www\\rence_3f3_lab3\\app\\Views\\include\\shop.php')
 3 SYSTEMPATH\View\View.php(229): CodeIgniter\View\View->CodeIgniter\View\{closure}()
 4 SYSTEMPATH\Common.php(1188): CodeIgniter\View\View->render('include/shop', [], true)
 5 APPPATH\Config\Routes.php(10): view('include/shop')
 6 SYSTEMPATH\CodeIgniter.php(868): CodeIgniter\Router\RouteCollection->{closure}()
 7 SYSTEMPATH\CodeIgniter.php(481): CodeIgniter\CodeIgniter->startController()
 8 SYSTEMPATH\CodeIgniter.php(353): CodeIgniter\CodeIgniter->handleRequest(null, Object(Config\Cache), false)
 9 FCPATH\index.php(79): CodeIgniter\CodeIgniter->run()
10 SYSTEMPATH\Commands\Server\rewrite.php(47): require_once('C:\\laragon\\www\\rence_3f3_lab3\\public\\index.php')
CRITICAL - 2023-09-28 19:46:12 --> Undefined variable $product
in APPPATH\Views\include\shop.php on line 201.
 1 APPPATH\Views\include\shop.php(201): CodeIgniter\Debug\Exceptions->errorHandler(2, 'Undefined variable $product', 'C:\\laragon\\www\\rence_3f3_lab3\\app\\Views\\include\\shop.php', 201)
 2 SYSTEMPATH\View\View.php(226): include('C:\\laragon\\www\\rence_3f3_lab3\\app\\Views\\include\\shop.php')
 3 SYSTEMPATH\View\View.php(229): CodeIgniter\View\View->CodeIgniter\View\{closure}()
 4 SYSTEMPATH\Common.php(1188): CodeIgniter\View\View->render('include/shop', [], true)
 5 APPPATH\Config\Routes.php(10): view('include/shop')
 6 SYSTEMPATH\CodeIgniter.php(868): CodeIgniter\Router\RouteCollection->{closure}()
 7 SYSTEMPATH\CodeIgniter.php(481): CodeIgniter\CodeIgniter->startController()
 8 SYSTEMPATH\CodeIgniter.php(353): CodeIgniter\CodeIgniter->handleRequest(null, Object(Config\Cache), false)
 9 FCPATH\index.php(79): CodeIgniter\CodeIgniter->run()
10 SYSTEMPATH\Commands\Server\rewrite.php(47): require_once('C:\\laragon\\www\\rence_3f3_lab3\\public\\index.php')
CRITICAL - 2023-09-28 19:46:12 --> Undefined variable $product
in APPPATH\Views\include\shop.php on line 201.
 1 APPPATH\Views\include\shop.php(201): CodeIgniter\Debug\Exceptions->errorHandler(2, 'Undefined variable $product', 'C:\\laragon\\www\\rence_3f3_lab3\\app\\Views\\include\\shop.php', 201)
 2 SYSTEMPATH\View\View.php(226): include('C:\\laragon\\www\\rence_3f3_lab3\\app\\Views\\include\\shop.php')
 3 SYSTEMPATH\View\View.php(229): CodeIgniter\View\View->CodeIgniter\View\{closure}()
 4 SYSTEMPATH\Common.php(1188): CodeIgniter\View\View->render('include/shop', [], true)
 5 APPPATH\Config\Routes.php(10): view('include/shop')
 6 SYSTEMPATH\CodeIgniter.php(868): CodeIgniter\Router\RouteCollection->{closure}()
 7 SYSTEMPATH\CodeIgniter.php(481): CodeIgniter\CodeIgniter->startController()
 8 SYSTEMPATH\CodeIgniter.php(353): CodeIgniter\CodeIgniter->handleRequest(null, Object(Config\Cache), false)
 9 FCPATH\index.php(79): CodeIgniter\CodeIgniter->run()
10 SYSTEMPATH\Commands\Server\rewrite.php(47): require_once('C:\\laragon\\www\\rence_3f3_lab3\\public\\index.php')
CRITICAL - 2023-09-28 19:47:25 --> Call to undefined method App\Models\ProductModel::insertproduct
in SYSTEMPATH\Model.php on line 873.
 1 APPPATH\Controllers\AdminController.php(26): CodeIgniter\Model->__call('insertproduct', [...])
 2 SYSTEMPATH\CodeIgniter.php(919): App\Controllers\AdminController->insert_Prod()
 3 SYSTEMPATH\CodeIgniter.php(494): CodeIgniter\CodeIgniter->runController(Object(App\Controllers\AdminController))
 4 SYSTEMPATH\CodeIgniter.php(353): CodeIgniter\CodeIgniter->handleRequest(null, Object(Config\Cache), false)
 5 FCPATH\index.php(79): CodeIgniter\CodeIgniter->run()
 6 SYSTEMPATH\Commands\Server\rewrite.php(47): require_once('C:\\laragon\\www\\rence_3f3_lab3\\public\\index.php')
